[0.014s] Invoking command in '/home/javierac/camera_gz/build/topic_tools_interfaces': CMAKE_PREFIX_PATH=${CMAKE_PREFIX_PATH}:/home/javierac/camera_gz/install/mogi_trajectory_server:/home/javierac/camera_gz/install/bme_gazebo_sensors_py:/home/xarm_ws/install/uf_ros_lib:/opt/ros/jazzy /usr/bin/cmake /home/javierac/camera_gz/src/topic_tools/topic_tools_interfaces -DCMAKE_INSTALL_PREFIX=/home/javierac/camera_gz/install/topic_tools_interfaces
[0.081s] -- The C compiler identification is GNU 13.3.0
[0.144s] -- The CXX compiler identification is GNU 13.3.0
[0.166s] -- Detecting C compiler ABI info
[0.281s] -- Detecting C compiler ABI info - done
[0.291s] -- Check for working C compiler: /usr/bin/cc - skipped
[0.291s] -- Detecting C compile features
[0.292s] -- Detecting C compile features - done
[0.304s] -- Detecting CXX compiler ABI info
[0.426s] -- Detecting CXX compiler ABI info - done
[0.436s] -- Check for working CXX compiler: /usr/bin/c++ - skipped
[0.437s] -- Detecting CXX compile features
[0.437s] -- Detecting CXX compile features - done
[0.444s] -- Found ament_cmake: 2.5.4 (/opt/ros/jazzy/share/ament_cmake/cmake)
[0.628s] -- Found Python3: /usr/bin/python3 (found version "3.12.3") found components: Interpreter 
[0.791s] -- Found rosidl_default_generators: 1.6.0 (/opt/ros/jazzy/share/rosidl_default_generators/cmake)
[0.806s] -- Using all available rosidl_typesupport_c: rosidl_typesupport_fastrtps_c;rosidl_typesupport_introspection_c
[0.895s] -- Using all available rosidl_typesupport_cpp: rosidl_typesupport_fastrtps_cpp;rosidl_typesupport_introspection_cpp
[0.969s] -- Found rosidl_adapter: 4.6.5 (/opt/ros/jazzy/share/rosidl_adapter/cmake)
[0.976s] -- Found builtin_interfaces: 2.0.2 (/opt/ros/jazzy/share/builtin_interfaces/cmake)
[1.678s] -- Found ament_cmake_ros: 0.12.0 (/opt/ros/jazzy/share/ament_cmake_ros/cmake)
[2.184s] -- Using all available rosidl_typesupport_c: rosidl_typesupport_fastrtps_c;rosidl_typesupport_introspection_c
[2.829s] -- Using all available rosidl_typesupport_cpp: rosidl_typesupport_fastrtps_cpp;rosidl_typesupport_introspection_cpp
[2.835s] -- Found python_cmake_module: 0.11.1 (/opt/ros/jazzy/share/python_cmake_module/cmake)
[2.990s] -- Found PythonExtra: /usr/bin/python3  
[3.478s] -- Found Python3: /usr/bin/python3 (found version "3.12.3") found components: Interpreter Development NumPy Development.Module Development.Embed 
[3.525s] -- Found ament_lint_auto: 0.17.2 (/opt/ros/jazzy/share/ament_lint_auto/cmake)
[3.580s] -- Added test 'copyright' to check source files copyright and LICENSE
[3.582s] -- Added test 'lint_cmake' to check CMake code style
[3.584s] -- Added test 'xmllint' to check XML markup files
[3.587s] -- Configuring done (3.6s)
[3.634s] -- Generating done (0.0s)
[3.648s] -- Build files have been written to: /home/javierac/camera_gz/build/topic_tools_interfaces
[3.657s] Invoked command in '/home/javierac/camera_gz/build/topic_tools_interfaces' returned '0': CMAKE_PREFIX_PATH=${CMAKE_PREFIX_PATH}:/home/javierac/camera_gz/install/mogi_trajectory_server:/home/javierac/camera_gz/install/bme_gazebo_sensors_py:/home/xarm_ws/install/uf_ros_lib:/opt/ros/jazzy /usr/bin/cmake /home/javierac/camera_gz/src/topic_tools/topic_tools_interfaces -DCMAKE_INSTALL_PREFIX=/home/javierac/camera_gz/install/topic_tools_interfaces
[3.659s] Invoking command in '/home/javierac/camera_gz/build/topic_tools_interfaces': CMAKE_PREFIX_PATH=${CMAKE_PREFIX_PATH}:/home/javierac/camera_gz/install/mogi_trajectory_server:/home/javierac/camera_gz/install/bme_gazebo_sensors_py:/home/xarm_ws/install/uf_ros_lib:/opt/ros/jazzy /usr/bin/cmake --build /home/javierac/camera_gz/build/topic_tools_interfaces -- -j20 -l20
[3.739s] [  1%] [34m[1mGenerating type hashes for ROS interfaces[0m
[3.754s] [  1%] Built target ament_cmake_python_copy_topic_tools_interfaces
[3.959s] running egg_info
[3.959s] creating topic_tools_interfaces.egg-info
[3.974s] writing topic_tools_interfaces.egg-info/PKG-INFO
[3.974s] writing dependency_links to topic_tools_interfaces.egg-info/dependency_links.txt
[3.974s] writing top-level names to topic_tools_interfaces.egg-info/top_level.txt
[3.975s] writing manifest file 'topic_tools_interfaces.egg-info/SOURCES.txt'
[4.006s] [  1%] Built target topic_tools_interfaces__rosidl_generator_type_description
[4.019s] reading manifest file 'topic_tools_interfaces.egg-info/SOURCES.txt'
[4.019s] writing manifest file 'topic_tools_interfaces.egg-info/SOURCES.txt'
[4.022s] [  2%] [34m[1mGenerating C code for ROS interfaces[0m
[4.038s] [  2%] [34m[1mGenerating C++ code for ROS interfaces[0m
[4.048s] [  2%] Built target ament_cmake_python_build_topic_tools_interfaces_egg
[4.755s] [  2%] Built target topic_tools_interfaces__cpp
[4.888s] [  4%] [32mBuilding C object CMakeFiles/topic_tools_interfaces__rosidl_generator_c.dir/rosidl_generator_c/topic_tools_interfaces/srv/detail/demux_delete__type_support.c.o[0m
[4.888s] [  4%] [32mBuilding C object CMakeFiles/topic_tools_interfaces__rosidl_generator_c.dir/rosidl_generator_c/topic_tools_interfaces/srv/detail/demux_list__functions.c.o[0m
[4.888s] [  5%] [32mBuilding C object CMakeFiles/topic_tools_interfaces__rosidl_generator_c.dir/rosidl_generator_c/topic_tools_interfaces/srv/detail/demux_list__type_support.c.o[0m
[4.888s] [  6%] [32mBuilding C object CMakeFiles/topic_tools_interfaces__rosidl_generator_c.dir/rosidl_generator_c/topic_tools_interfaces/srv/detail/demux_select__functions.c.o[0m
[4.888s] [  7%] [32mBuilding C object CMakeFiles/topic_tools_interfaces__rosidl_generator_c.dir/rosidl_generator_c/topic_tools_interfaces/srv/detail/demux_add__description.c.o[0m
[4.890s] [  8%] [32mBuilding C object CMakeFiles/topic_tools_interfaces__rosidl_generator_c.dir/rosidl_generator_c/topic_tools_interfaces/srv/detail/demux_select__type_support.c.o[0m
[4.890s] [  9%] [32mBuilding C object CMakeFiles/topic_tools_interfaces__rosidl_generator_c.dir/rosidl_generator_c/topic_tools_interfaces/srv/detail/demux_add__functions.c.o[0m
[4.890s] [ 11%] [32mBuilding C object CMakeFiles/topic_tools_interfaces__rosidl_generator_c.dir/rosidl_generator_c/topic_tools_interfaces/srv/detail/demux_delete__description.c.o[0m
[4.890s] [ 13%] [32mBuilding C object CMakeFiles/topic_tools_interfaces__rosidl_generator_c.dir/rosidl_generator_c/topic_tools_interfaces/srv/detail/demux_delete__functions.c.o[0m
[4.890s] [ 13%] [32mBuilding C object CMakeFiles/topic_tools_interfaces__rosidl_generator_c.dir/rosidl_generator_c/topic_tools_interfaces/srv/detail/demux_add__type_support.c.o[0m
[4.891s] [ 13%] [32mBuilding C object CMakeFiles/topic_tools_interfaces__rosidl_generator_c.dir/rosidl_generator_c/topic_tools_interfaces/srv/detail/mux_add__type_support.c.o[0m
[4.891s] [ 14%] [32mBuilding C object CMakeFiles/topic_tools_interfaces__rosidl_generator_c.dir/rosidl_generator_c/topic_tools_interfaces/srv/detail/demux_list__description.c.o[0m
[4.891s] [ 15%] [32mBuilding C object CMakeFiles/topic_tools_interfaces__rosidl_generator_c.dir/rosidl_generator_c/topic_tools_interfaces/srv/detail/mux_list__description.c.o[0m
[4.891s] [ 16%] [32mBuilding C object CMakeFiles/topic_tools_interfaces__rosidl_generator_c.dir/rosidl_generator_c/topic_tools_interfaces/srv/detail/mux_delete__description.c.o[0m
[4.891s] [ 17%] [32mBuilding C object CMakeFiles/topic_tools_interfaces__rosidl_generator_c.dir/rosidl_generator_c/topic_tools_interfaces/srv/detail/mux_add__description.c.o[0m
[4.891s] [ 18%] [32mBuilding C object CMakeFiles/topic_tools_interfaces__rosidl_generator_c.dir/rosidl_generator_c/topic_tools_interfaces/srv/detail/demux_select__description.c.o[0m
[4.892s] [ 19%] [32mBuilding C object CMakeFiles/topic_tools_interfaces__rosidl_generator_c.dir/rosidl_generator_c/topic_tools_interfaces/srv/detail/mux_delete__functions.c.o[0m
[4.893s] [ 20%] [32mBuilding C object CMakeFiles/topic_tools_interfaces__rosidl_generator_c.dir/rosidl_generator_c/topic_tools_interfaces/srv/detail/mux_add__functions.c.o[0m
[4.894s] [ 21%] [32mBuilding C object CMakeFiles/topic_tools_interfaces__rosidl_generator_c.dir/rosidl_generator_c/topic_tools_interfaces/srv/detail/mux_delete__type_support.c.o[0m
[4.895s] [ 22%] [32mBuilding C object CMakeFiles/topic_tools_interfaces__rosidl_generator_c.dir/rosidl_generator_c/topic_tools_interfaces/srv/detail/mux_list__functions.c.o[0m
[4.949s] [ 23%] [32mBuilding C object CMakeFiles/topic_tools_interfaces__rosidl_generator_c.dir/rosidl_generator_c/topic_tools_interfaces/srv/detail/mux_list__type_support.c.o[0m
[4.950s] [ 24%] [32mBuilding C object CMakeFiles/topic_tools_interfaces__rosidl_generator_c.dir/rosidl_generator_c/topic_tools_interfaces/srv/detail/mux_select__description.c.o[0m
[4.950s] [ 25%] [32mBuilding C object CMakeFiles/topic_tools_interfaces__rosidl_generator_c.dir/rosidl_generator_c/topic_tools_interfaces/srv/detail/mux_select__functions.c.o[0m
[4.950s] [ 25%] [32mBuilding C object CMakeFiles/topic_tools_interfaces__rosidl_generator_c.dir/rosidl_generator_c/topic_tools_interfaces/srv/detail/mux_select__type_support.c.o[0m
[5.047s] [ 26%] [32m[1mLinking C shared library libtopic_tools_interfaces__rosidl_generator_c.so[0m
[5.099s] [ 26%] Built target topic_tools_interfaces__rosidl_generator_c
[5.112s] [ 27%] [34m[1mGenerating C++ type support for eProsima Fast-RTPS[0m
[5.112s] [ 27%] [34m[1mGenerating C introspection for ROS interfaces[0m
[5.115s] [ 28%] [34m[1mGenerating C type support dispatch for ROS interfaces[0m
[5.115s] [ 29%] [34m[1mGenerating C++ type support dispatch for ROS interfaces[0m
[5.117s] [ 30%] [34m[1mGenerating C++ introspection for ROS interfaces[0m
[5.118s] [ 31%] [34m[1mGenerating C type support for eProsima Fast-RTPS[0m
[5.518s] [ 32%] [32mBuilding CXX object CMakeFiles/topic_tools_interfaces__rosidl_typesupport_c.dir/rosidl_typesupport_c/topic_tools_interfaces/srv/demux_list__type_support.cpp.o[0m
[5.518s] [ 33%] [32mBuilding CXX object CMakeFiles/topic_tools_interfaces__rosidl_typesupport_c.dir/rosidl_typesupport_c/topic_tools_interfaces/srv/mux_select__type_support.cpp.o[0m
[5.522s] [ 34%] [32mBuilding CXX object CMakeFiles/topic_tools_interfaces__rosidl_typesupport_c.dir/rosidl_typesupport_c/topic_tools_interfaces/srv/demux_add__type_support.cpp.o[0m
[5.523s] [ 35%] [32mBuilding CXX object CMakeFiles/topic_tools_interfaces__rosidl_typesupport_c.dir/rosidl_typesupport_c/topic_tools_interfaces/srv/mux_delete__type_support.cpp.o[0m
[5.524s] [ 36%] [32mBuilding CXX object CMakeFiles/topic_tools_interfaces__rosidl_typesupport_c.dir/rosidl_typesupport_c/topic_tools_interfaces/srv/demux_delete__type_support.cpp.o[0m
[5.524s] [ 38%] [32mBuilding CXX object CMakeFiles/topic_tools_interfaces__rosidl_typesupport_c.dir/rosidl_typesupport_c/topic_tools_interfaces/srv/demux_select__type_support.cpp.o[0m
[5.524s] [ 38%] [32mBuilding CXX object CMakeFiles/topic_tools_interfaces__rosidl_typesupport_c.dir/rosidl_typesupport_c/topic_tools_interfaces/srv/mux_add__type_support.cpp.o[0m
[5.527s] [ 39%] [32mBuilding CXX object CMakeFiles/topic_tools_interfaces__rosidl_typesupport_c.dir/rosidl_typesupport_c/topic_tools_interfaces/srv/mux_list__type_support.cpp.o[0m
[5.536s] [ 42%] [32mBuilding CXX object CMakeFiles/topic_tools_interfaces__rosidl_typesupport_cpp.dir/rosidl_typesupport_cpp/topic_tools_interfaces/srv/demux_list__type_support.cpp.o[0m
[5.536s] [ 42%] [32mBuilding CXX object CMakeFiles/topic_tools_interfaces__rosidl_typesupport_cpp.dir/rosidl_typesupport_cpp/topic_tools_interfaces/srv/demux_delete__type_support.cpp.o[0m
[5.536s] [ 42%] [32mBuilding CXX object CMakeFiles/topic_tools_interfaces__rosidl_typesupport_cpp.dir/rosidl_typesupport_cpp/topic_tools_interfaces/srv/demux_select__type_support.cpp.o[0m
[5.537s] [ 42%] [32mBuilding CXX object CMakeFiles/topic_tools_interfaces__rosidl_typesupport_cpp.dir/rosidl_typesupport_cpp/topic_tools_interfaces/srv/mux_add__type_support.cpp.o[0m
[5.537s] [ 43%] [32mBuilding CXX object CMakeFiles/topic_tools_interfaces__rosidl_typesupport_cpp.dir/rosidl_typesupport_cpp/topic_tools_interfaces/srv/mux_select__type_support.cpp.o[0m
[5.538s] [ 44%] [32mBuilding CXX object CMakeFiles/topic_tools_interfaces__rosidl_typesupport_cpp.dir/rosidl_typesupport_cpp/topic_tools_interfaces/srv/demux_add__type_support.cpp.o[0m
[5.540s] [ 45%] [32mBuilding CXX object CMakeFiles/topic_tools_interfaces__rosidl_typesupport_cpp.dir/rosidl_typesupport_cpp/topic_tools_interfaces/srv/mux_delete__type_support.cpp.o[0m
[5.540s] [ 46%] [32mBuilding CXX object CMakeFiles/topic_tools_interfaces__rosidl_typesupport_cpp.dir/rosidl_typesupport_cpp/topic_tools_interfaces/srv/mux_list__type_support.cpp.o[0m
[5.605s] [ 47%] [32m[1mLinking CXX shared library libtopic_tools_interfaces__rosidl_typesupport_c.so[0m
[5.649s] [ 47%] Built target topic_tools_interfaces__rosidl_typesupport_c
[5.743s] [ 52%] [32mBuilding C object CMakeFiles/topic_tools_interfaces__rosidl_typesupport_introspection_c.dir/rosidl_typesupport_introspection_c/topic_tools_interfaces/srv/detail/mux_delete__type_support.c.o[0m
[5.743s] [ 52%] [32mBuilding C object CMakeFiles/topic_tools_interfaces__rosidl_typesupport_introspection_c.dir/rosidl_typesupport_introspection_c/topic_tools_interfaces/srv/detail/demux_list__type_support.c.o[0m
[5.743s] [ 52%] [32mBuilding C object CMakeFiles/topic_tools_interfaces__rosidl_typesupport_introspection_c.dir/rosidl_typesupport_introspection_c/topic_tools_interfaces/srv/detail/demux_select__type_support.c.o[0m
[5.743s] [ 52%] [32mBuilding C object CMakeFiles/topic_tools_interfaces__rosidl_typesupport_introspection_c.dir/rosidl_typesupport_introspection_c/topic_tools_interfaces/srv/detail/demux_add__type_support.c.o[0m
[5.743s] [ 52%] [32mBuilding C object CMakeFiles/topic_tools_interfaces__rosidl_typesupport_introspection_c.dir/rosidl_typesupport_introspection_c/topic_tools_interfaces/srv/detail/mux_add__type_support.c.o[0m
[5.743s] [ 53%] [32mBuilding C object CMakeFiles/topic_tools_interfaces__rosidl_typesupport_introspection_c.dir/rosidl_typesupport_introspection_c/topic_tools_interfaces/srv/detail/mux_list__type_support.c.o[0m
[5.743s] [ 54%] [32mBuilding C object CMakeFiles/topic_tools_interfaces__rosidl_typesupport_introspection_c.dir/rosidl_typesupport_introspection_c/topic_tools_interfaces/srv/detail/mux_select__type_support.c.o[0m
[5.744s] [ 55%] [32mBuilding C object CMakeFiles/topic_tools_interfaces__rosidl_typesupport_introspection_c.dir/rosidl_typesupport_introspection_c/topic_tools_interfaces/srv/detail/demux_delete__type_support.c.o[0m
[5.837s] [ 56%] [32m[1mLinking C shared library libtopic_tools_interfaces__rosidl_typesupport_introspection_c.so[0m
[5.871s] [ 56%] Built target topic_tools_interfaces__rosidl_typesupport_introspection_c
[6.090s] [ 58%] [32mBuilding CXX object CMakeFiles/topic_tools_interfaces__rosidl_typesupport_introspection_cpp.dir/rosidl_typesupport_introspection_cpp/topic_tools_interfaces/srv/detail/demux_select__type_support.cpp.o[0m
[6.091s] [ 58%] [32mBuilding CXX object CMakeFiles/topic_tools_interfaces__rosidl_typesupport_introspection_cpp.dir/rosidl_typesupport_introspection_cpp/topic_tools_interfaces/srv/detail/demux_add__type_support.cpp.o[0m
[6.091s] [ 59%] [32mBuilding CXX object CMakeFiles/topic_tools_interfaces__rosidl_typesupport_introspection_cpp.dir/rosidl_typesupport_introspection_cpp/topic_tools_interfaces/srv/detail/mux_add__type_support.cpp.o[0m
[6.097s] [ 61%] [32mBuilding CXX object CMakeFiles/topic_tools_interfaces__rosidl_typesupport_introspection_cpp.dir/rosidl_typesupport_introspection_cpp/topic_tools_interfaces/srv/detail/mux_delete__type_support.cpp.o[0m
[6.097s] [ 62%] [32mBuilding CXX object CMakeFiles/topic_tools_interfaces__rosidl_typesupport_introspection_cpp.dir/rosidl_typesupport_introspection_cpp/topic_tools_interfaces/srv/detail/mux_select__type_support.cpp.o[0m
[6.098s] [ 64%] [32mBuilding CXX object CMakeFiles/topic_tools_interfaces__rosidl_typesupport_introspection_cpp.dir/rosidl_typesupport_introspection_cpp/topic_tools_interfaces/srv/detail/demux_delete__type_support.cpp.o[0m
[6.098s] [ 64%] [32mBuilding CXX object CMakeFiles/topic_tools_interfaces__rosidl_typesupport_introspection_cpp.dir/rosidl_typesupport_introspection_cpp/topic_tools_interfaces/srv/detail/mux_list__type_support.cpp.o[0m
[6.098s] [ 64%] [32mBuilding CXX object CMakeFiles/topic_tools_interfaces__rosidl_typesupport_introspection_cpp.dir/rosidl_typesupport_introspection_cpp/topic_tools_interfaces/srv/detail/demux_list__type_support.cpp.o[0m
[6.109s] [ 65%] [32mBuilding CXX object CMakeFiles/topic_tools_interfaces__rosidl_typesupport_fastrtps_c.dir/rosidl_typesupport_fastrtps_c/topic_tools_interfaces/srv/detail/demux_add__type_support_c.cpp.o[0m
[6.109s] [ 67%] [32mBuilding CXX object CMakeFiles/topic_tools_interfaces__rosidl_typesupport_fastrtps_c.dir/rosidl_typesupport_fastrtps_c/topic_tools_interfaces/srv/detail/demux_select__type_support_c.cpp.o[0m
[6.109s] [ 68%] [32mBuilding CXX object CMakeFiles/topic_tools_interfaces__rosidl_typesupport_fastrtps_c.dir/rosidl_typesupport_fastrtps_c/topic_tools_interfaces/srv/detail/demux_delete__type_support_c.cpp.o[0m
[6.110s] [ 67%] [32mBuilding CXX object CMakeFiles/topic_tools_interfaces__rosidl_typesupport_fastrtps_c.dir/rosidl_typesupport_fastrtps_c/topic_tools_interfaces/srv/detail/mux_list__type_support_c.cpp.o[0m
[6.110s] [ 69%] [32mBuilding CXX object CMakeFiles/topic_tools_interfaces__rosidl_typesupport_fastrtps_c.dir/rosidl_typesupport_fastrtps_c/topic_tools_interfaces/srv/detail/demux_list__type_support_c.cpp.o[0m
[6.111s] [ 70%] [32mBuilding CXX object CMakeFiles/topic_tools_interfaces__rosidl_typesupport_fastrtps_c.dir/rosidl_typesupport_fastrtps_c/topic_tools_interfaces/srv/detail/mux_add__type_support_c.cpp.o[0m
[6.114s] [ 71%] [32mBuilding CXX object CMakeFiles/topic_tools_interfaces__rosidl_typesupport_fastrtps_c.dir/rosidl_typesupport_fastrtps_c/topic_tools_interfaces/srv/detail/mux_delete__type_support_c.cpp.o[0m
[6.147s] [ 72%] [32mBuilding CXX object CMakeFiles/topic_tools_interfaces__rosidl_typesupport_fastrtps_c.dir/rosidl_typesupport_fastrtps_c/topic_tools_interfaces/srv/detail/mux_select__type_support_c.cpp.o[0m
[6.241s] [ 73%] [32m[1mLinking CXX shared library libtopic_tools_interfaces__rosidl_typesupport_cpp.so[0m
[6.372s] [ 74%] [32mBuilding CXX object CMakeFiles/topic_tools_interfaces__rosidl_typesupport_fastrtps_cpp.dir/rosidl_typesupport_fastrtps_cpp/topic_tools_interfaces/srv/detail/dds_fastrtps/demux_delete__type_support.cpp.o[0m
[6.385s] [ 75%] [32mBuilding CXX object CMakeFiles/topic_tools_interfaces__rosidl_typesupport_fastrtps_cpp.dir/rosidl_typesupport_fastrtps_cpp/topic_tools_interfaces/srv/detail/dds_fastrtps/demux_add__type_support.cpp.o[0m
[6.385s] [ 76%] [32mBuilding CXX object CMakeFiles/topic_tools_interfaces__rosidl_typesupport_fastrtps_cpp.dir/rosidl_typesupport_fastrtps_cpp/topic_tools_interfaces/srv/detail/dds_fastrtps/demux_list__type_support.cpp.o[0m
[6.611s] [ 76%] Built target topic_tools_interfaces__rosidl_typesupport_cpp
[6.625s] [ 77%] [32mBuilding CXX object CMakeFiles/topic_tools_interfaces__rosidl_typesupport_fastrtps_cpp.dir/rosidl_typesupport_fastrtps_cpp/topic_tools_interfaces/srv/detail/dds_fastrtps/demux_select__type_support.cpp.o[0m
[6.722s] [ 78%] [32mBuilding CXX object CMakeFiles/topic_tools_interfaces__rosidl_typesupport_fastrtps_cpp.dir/rosidl_typesupport_fastrtps_cpp/topic_tools_interfaces/srv/detail/dds_fastrtps/mux_add__type_support.cpp.o[0m
[6.746s] [ 79%] [32mBuilding CXX object CMakeFiles/topic_tools_interfaces__rosidl_typesupport_fastrtps_cpp.dir/rosidl_typesupport_fastrtps_cpp/topic_tools_interfaces/srv/detail/dds_fastrtps/mux_delete__type_support.cpp.o[0m
[6.788s] [ 80%] [32mBuilding CXX object CMakeFiles/topic_tools_interfaces__rosidl_typesupport_fastrtps_cpp.dir/rosidl_typesupport_fastrtps_cpp/topic_tools_interfaces/srv/detail/dds_fastrtps/mux_list__type_support.cpp.o[0m
[6.864s] [ 81%] [32mBuilding CXX object CMakeFiles/topic_tools_interfaces__rosidl_typesupport_fastrtps_cpp.dir/rosidl_typesupport_fastrtps_cpp/topic_tools_interfaces/srv/detail/dds_fastrtps/mux_select__type_support.cpp.o[0m
[7.014s] [ 82%] [32m[1mLinking CXX shared library libtopic_tools_interfaces__rosidl_typesupport_introspection_cpp.so[0m
[7.114s] [ 83%] [32m[1mLinking CXX shared library libtopic_tools_interfaces__rosidl_typesupport_fastrtps_c.so[0m
[7.183s] [ 83%] Built target topic_tools_interfaces__rosidl_typesupport_introspection_cpp
[7.258s] [ 83%] Built target topic_tools_interfaces__rosidl_typesupport_fastrtps_c
[7.507s] [ 84%] [32m[1mLinking CXX shared library libtopic_tools_interfaces__rosidl_typesupport_fastrtps_cpp.so[0m
[7.605s] [ 84%] Built target topic_tools_interfaces__rosidl_typesupport_fastrtps_cpp
[7.636s] [ 84%] Built target topic_tools_interfaces
[7.667s] [ 85%] [34m[1mGenerating Python code for ROS interfaces[0m
[8.847s] [ 85%] Built target topic_tools_interfaces__py
[8.874s] [ 89%] [32mBuilding C object CMakeFiles/topic_tools_interfaces__rosidl_generator_py.dir/rosidl_generator_py/topic_tools_interfaces/srv/_mux_delete_s.c.o[0m
[8.874s] [ 89%] [32mBuilding C object CMakeFiles/topic_tools_interfaces__rosidl_generator_py.dir/rosidl_generator_py/topic_tools_interfaces/srv/_mux_add_s.c.o[0m
[8.874s] [ 89%] [32mBuilding C object CMakeFiles/topic_tools_interfaces__rosidl_generator_py.dir/rosidl_generator_py/topic_tools_interfaces/srv/_demux_select_s.c.o[0m
[8.875s] [ 89%] [32mBuilding C object CMakeFiles/topic_tools_interfaces__rosidl_generator_py.dir/rosidl_generator_py/topic_tools_interfaces/srv/_mux_list_s.c.o[0m
[8.875s] [ 90%] [32mBuilding C object CMakeFiles/topic_tools_interfaces__rosidl_generator_py.dir/rosidl_generator_py/topic_tools_interfaces/srv/_demux_list_s.c.o[0m
[8.878s] [ 91%] [32mBuilding C object CMakeFiles/topic_tools_interfaces__rosidl_generator_py.dir/rosidl_generator_py/topic_tools_interfaces/srv/_demux_add_s.c.o[0m
[8.879s] [ 92%] [32mBuilding C object CMakeFiles/topic_tools_interfaces__rosidl_generator_py.dir/rosidl_generator_py/topic_tools_interfaces/srv/_demux_delete_s.c.o[0m
[8.881s] [ 93%] [32mBuilding C object CMakeFiles/topic_tools_interfaces__rosidl_generator_py.dir/rosidl_generator_py/topic_tools_interfaces/srv/_mux_select_s.c.o[0m
[9.091s] [ 94%] [32m[1mLinking C shared library libtopic_tools_interfaces__rosidl_generator_py.so[0m
[9.144s] [ 94%] Built target topic_tools_interfaces__rosidl_generator_py
[9.176s] [ 95%] [32mBuilding C object CMakeFiles/topic_tools_interfaces_s__rosidl_typesupport_fastrtps_c.dir/rosidl_generator_py/topic_tools_interfaces/_topic_tools_interfaces_s.ep.rosidl_typesupport_fastrtps_c.c.o[0m
[9.177s] [ 96%] [32mBuilding C object CMakeFiles/topic_tools_interfaces_s__rosidl_typesupport_c.dir/rosidl_generator_py/topic_tools_interfaces/_topic_tools_interfaces_s.ep.rosidl_typesupport_c.c.o[0m
[9.178s] [ 97%] [32mBuilding C object CMakeFiles/topic_tools_interfaces_s__rosidl_typesupport_introspection_c.dir/rosidl_generator_py/topic_tools_interfaces/_topic_tools_interfaces_s.ep.rosidl_typesupport_introspection_c.c.o[0m
[9.349s] [ 98%] [32m[1mLinking C shared module rosidl_generator_py/topic_tools_interfaces/topic_tools_interfaces_s__rosidl_typesupport_fastrtps_c.so[0m
[9.351s] [ 99%] [32m[1mLinking C shared module rosidl_generator_py/topic_tools_interfaces/topic_tools_interfaces_s__rosidl_typesupport_introspection_c.so[0m
[9.352s] [100%] [32m[1mLinking C shared module rosidl_generator_py/topic_tools_interfaces/topic_tools_interfaces_s__rosidl_typesupport_c.so[0m
[9.388s] [100%] Built target topic_tools_interfaces_s__rosidl_typesupport_fastrtps_c
[9.395s] [100%] Built target topic_tools_interfaces_s__rosidl_typesupport_introspection_c
[9.399s] [100%] Built target topic_tools_interfaces_s__rosidl_typesupport_c
[9.413s] Invoked command in '/home/javierac/camera_gz/build/topic_tools_interfaces' returned '0': CMAKE_PREFIX_PATH=${CMAKE_PREFIX_PATH}:/home/javierac/camera_gz/install/mogi_trajectory_server:/home/javierac/camera_gz/install/bme_gazebo_sensors_py:/home/xarm_ws/install/uf_ros_lib:/opt/ros/jazzy /usr/bin/cmake --build /home/javierac/camera_gz/build/topic_tools_interfaces -- -j20 -l20
[9.425s] Invoking command in '/home/javierac/camera_gz/build/topic_tools_interfaces': CMAKE_PREFIX_PATH=${CMAKE_PREFIX_PATH}:/home/javierac/camera_gz/install/mogi_trajectory_server:/home/javierac/camera_gz/install/bme_gazebo_sensors_py:/home/xarm_ws/install/uf_ros_lib:/opt/ros/jazzy /usr/bin/cmake --install /home/javierac/camera_gz/build/topic_tools_interfaces
[9.434s] -- Install configuration: ""
[9.435s] -- Installing: /home/javierac/camera_gz/install/topic_tools_interfaces/share/ament_index/resource_index/rosidl_interfaces/topic_tools_interfaces
[9.435s] -- Installing: /home/javierac/camera_gz/install/topic_tools_interfaces/share/topic_tools_interfaces/srv/DemuxAdd.json
[9.435s] -- Installing: /home/javierac/camera_gz/install/topic_tools_interfaces/share/topic_tools_interfaces/srv/DemuxDelete.json
[9.435s] -- Installing: /home/javierac/camera_gz/install/topic_tools_interfaces/share/topic_tools_interfaces/srv/DemuxList.json
[9.436s] -- Installing: /home/javierac/camera_gz/install/topic_tools_interfaces/share/topic_tools_interfaces/srv/DemuxSelect.json
[9.436s] -- Installing: /home/javierac/camera_gz/install/topic_tools_interfaces/share/topic_tools_interfaces/srv/MuxAdd.json
[9.436s] -- Installing: /home/javierac/camera_gz/install/topic_tools_interfaces/share/topic_tools_interfaces/srv/MuxDelete.json
[9.436s] -- Installing: /home/javierac/camera_gz/install/topic_tools_interfaces/share/topic_tools_interfaces/srv/MuxList.json
[9.436s] -- Installing: /home/javierac/camera_gz/install/topic_tools_interfaces/share/topic_tools_interfaces/srv/MuxSelect.json
[9.436s] -- Installing: /home/javierac/camera_gz/install/topic_tools_interfaces/include/topic_tools_interfaces/topic_tools_interfaces
[9.437s] -- Installing: /home/javierac/camera_gz/install/topic_tools_interfaces/include/topic_tools_interfaces/topic_tools_interfaces/srv
[9.437s] -- Installing: /home/javierac/camera_gz/install/topic_tools_interfaces/include/topic_tools_interfaces/topic_tools_interfaces/srv/mux_list.h
[9.437s] -- Installing: /home/javierac/camera_gz/install/topic_tools_interfaces/include/topic_tools_interfaces/topic_tools_interfaces/srv/demux_list.h
[9.437s] -- Installing: /home/javierac/camera_gz/install/topic_tools_interfaces/include/topic_tools_interfaces/topic_tools_interfaces/srv/demux_select.h
[9.437s] -- Installing: /home/javierac/camera_gz/install/topic_tools_interfaces/include/topic_tools_interfaces/topic_tools_interfaces/srv/mux_select.h
[9.437s] -- Installing: /home/javierac/camera_gz/install/topic_tools_interfaces/include/topic_tools_interfaces/topic_tools_interfaces/srv/mux_add.h
[9.438s] -- Installing: /home/javierac/camera_gz/install/topic_tools_interfaces/include/topic_tools_interfaces/topic_tools_interfaces/srv/mux_delete.h
[9.438s] -- Installing: /home/javierac/camera_gz/install/topic_tools_interfaces/include/topic_tools_interfaces/topic_tools_interfaces/srv/demux_add.h
[9.438s] -- Installing: /home/javierac/camera_gz/install/topic_tools_interfaces/include/topic_tools_interfaces/topic_tools_interfaces/srv/demux_delete.h
[9.438s] -- Installing: /home/javierac/camera_gz/install/topic_tools_interfaces/include/topic_tools_interfaces/topic_tools_interfaces/srv/detail
[9.438s] -- Installing: /home/javierac/camera_gz/install/topic_tools_interfaces/include/topic_tools_interfaces/topic_tools_interfaces/srv/detail/demux_list__type_support.h
[9.439s] -- Installing: /home/javierac/camera_gz/install/topic_tools_interfaces/include/topic_tools_interfaces/topic_tools_interfaces/srv/detail/demux_add__description.c
[9.439s] -- Installing: /home/javierac/camera_gz/install/topic_tools_interfaces/include/topic_tools_interfaces/topic_tools_interfaces/srv/detail/demux_select__description.c
[9.439s] -- Installing: /home/javierac/camera_gz/install/topic_tools_interfaces/include/topic_tools_interfaces/topic_tools_interfaces/srv/detail/demux_delete__functions.h
[9.439s] -- Installing: /home/javierac/camera_gz/install/topic_tools_interfaces/include/topic_tools_interfaces/topic_tools_interfaces/srv/detail/mux_add__functions.h
[9.439s] -- Installing: /home/javierac/camera_gz/install/topic_tools_interfaces/include/topic_tools_interfaces/topic_tools_interfaces/srv/detail/demux_delete__description.c
[9.439s] -- Installing: /home/javierac/camera_gz/install/topic_tools_interfaces/include/topic_tools_interfaces/topic_tools_interfaces/srv/detail/mux_select__functions.c
[9.440s] -- Installing: /home/javierac/camera_gz/install/topic_tools_interfaces/include/topic_tools_interfaces/topic_tools_interfaces/srv/detail/demux_select__struct.h
[9.440s] -- Installing: /home/javierac/camera_gz/install/topic_tools_interfaces/include/topic_tools_interfaces/topic_tools_interfaces/srv/detail/mux_list__type_support.c
[9.440s] -- Installing: /home/javierac/camera_gz/install/topic_tools_interfaces/include/topic_tools_interfaces/topic_tools_interfaces/srv/detail/mux_delete__functions.c
[9.440s] -- Installing: /home/javierac/camera_gz/install/topic_tools_interfaces/include/topic_tools_interfaces/topic_tools_interfaces/srv/detail/mux_delete__description.c
[9.440s] -- Installing: /home/javierac/camera_gz/install/topic_tools_interfaces/include/topic_tools_interfaces/topic_tools_interfaces/srv/detail/demux_select__functions.c
[9.440s] -- Installing: /home/javierac/camera_gz/install/topic_tools_interfaces/include/topic_tools_interfaces/topic_tools_interfaces/srv/detail/demux_delete__struct.h
[9.441s] -- Installing: /home/javierac/camera_gz/install/topic_tools_interfaces/include/topic_tools_interfaces/topic_tools_interfaces/srv/detail/mux_select__description.c
[9.441s] -- Installing: /home/javierac/camera_gz/install/topic_tools_interfaces/include/topic_tools_interfaces/topic_tools_interfaces/srv/detail/mux_select__functions.h
[9.441s] -- Installing: /home/javierac/camera_gz/install/topic_tools_interfaces/include/topic_tools_interfaces/topic_tools_interfaces/srv/detail/demux_add__functions.h
[9.441s] -- Installing: /home/javierac/camera_gz/install/topic_tools_interfaces/include/topic_tools_interfaces/topic_tools_interfaces/srv/detail/demux_list__struct.h
[9.441s] -- Installing: /home/javierac/camera_gz/install/topic_tools_interfaces/include/topic_tools_interfaces/topic_tools_interfaces/srv/detail/demux_list__functions.c
[9.441s] -- Installing: /home/javierac/camera_gz/install/topic_tools_interfaces/include/topic_tools_interfaces/topic_tools_interfaces/srv/detail/mux_add__functions.c
[9.441s] -- Installing: /home/javierac/camera_gz/install/topic_tools_interfaces/include/topic_tools_interfaces/topic_tools_interfaces/srv/detail/mux_delete__type_support.h
[9.442s] -- Installing: /home/javierac/camera_gz/install/topic_tools_interfaces/include/topic_tools_interfaces/topic_tools_interfaces/srv/detail/mux_delete__type_support.c
[9.442s] -- Installing: /home/javierac/camera_gz/install/topic_tools_interfaces/include/topic_tools_interfaces/topic_tools_interfaces/srv/detail/mux_list__type_support.h
[9.442s] -- Installing: /home/javierac/camera_gz/install/topic_tools_interfaces/include/topic_tools_interfaces/topic_tools_interfaces/srv/detail/demux_select__type_support.h
[9.442s] -- Installing: /home/javierac/camera_gz/install/topic_tools_interfaces/include/topic_tools_interfaces/topic_tools_interfaces/srv/detail/demux_add__type_support.h
[9.442s] -- Installing: /home/javierac/camera_gz/install/topic_tools_interfaces/include/topic_tools_interfaces/topic_tools_interfaces/srv/detail/demux_delete__type_support.h
[9.442s] -- Installing: /home/javierac/camera_gz/install/topic_tools_interfaces/include/topic_tools_interfaces/topic_tools_interfaces/srv/detail/demux_select__type_support.c
[9.443s] -- Installing: /home/javierac/camera_gz/install/topic_tools_interfaces/include/topic_tools_interfaces/topic_tools_interfaces/srv/detail/mux_select__type_support.h
[9.443s] -- Installing: /home/javierac/camera_gz/install/topic_tools_interfaces/include/topic_tools_interfaces/topic_tools_interfaces/srv/detail/demux_delete__type_support.c
[9.443s] -- Installing: /home/javierac/camera_gz/install/topic_tools_interfaces/include/topic_tools_interfaces/topic_tools_interfaces/srv/detail/demux_add__functions.c
[9.443s] -- Installing: /home/javierac/camera_gz/install/topic_tools_interfaces/include/topic_tools_interfaces/topic_tools_interfaces/srv/detail/demux_list__functions.h
[9.443s] -- Installing: /home/javierac/camera_gz/install/topic_tools_interfaces/include/topic_tools_interfaces/topic_tools_interfaces/srv/detail/demux_add__type_support.c
[9.443s] -- Installing: /home/javierac/camera_gz/install/topic_tools_interfaces/include/topic_tools_interfaces/topic_tools_interfaces/srv/detail/mux_delete__functions.h
[9.444s] -- Installing: /home/javierac/camera_gz/install/topic_tools_interfaces/include/topic_tools_interfaces/topic_tools_interfaces/srv/detail/mux_add__struct.h
[9.444s] -- Installing: /home/javierac/camera_gz/install/topic_tools_interfaces/include/topic_tools_interfaces/topic_tools_interfaces/srv/detail/demux_add__struct.h
[9.444s] -- Installing: /home/javierac/camera_gz/install/topic_tools_interfaces/include/topic_tools_interfaces/topic_tools_interfaces/srv/detail/mux_delete__struct.h
[9.444s] -- Installing: /home/javierac/camera_gz/install/topic_tools_interfaces/include/topic_tools_interfaces/topic_tools_interfaces/srv/detail/mux_select__struct.h
[9.444s] -- Installing: /home/javierac/camera_gz/install/topic_tools_interfaces/include/topic_tools_interfaces/topic_tools_interfaces/srv/detail/demux_list__type_support.c
[9.444s] -- Installing: /home/javierac/camera_gz/install/topic_tools_interfaces/include/topic_tools_interfaces/topic_tools_interfaces/srv/detail/demux_delete__functions.c
[9.445s] -- Installing: /home/javierac/camera_gz/install/topic_tools_interfaces/include/topic_tools_interfaces/topic_tools_interfaces/srv/detail/demux_select__functions.h
[9.445s] -- Installing: /home/javierac/camera_gz/install/topic_tools_interfaces/include/topic_tools_interfaces/topic_tools_interfaces/srv/detail/mux_list__struct.h
[9.445s] -- Installing: /home/javierac/camera_gz/install/topic_tools_interfaces/include/topic_tools_interfaces/topic_tools_interfaces/srv/detail/mux_add__type_support.h
[9.445s] -- Installing: /home/javierac/camera_gz/install/topic_tools_interfaces/include/topic_tools_interfaces/topic_tools_interfaces/srv/detail/mux_add__type_support.c
[9.445s] -- Installing: /home/javierac/camera_gz/install/topic_tools_interfaces/include/topic_tools_interfaces/topic_tools_interfaces/srv/detail/mux_select__type_support.c
[9.445s] -- Installing: /home/javierac/camera_gz/install/topic_tools_interfaces/include/topic_tools_interfaces/topic_tools_interfaces/srv/detail/mux_list__description.c
[9.445s] -- Installing: /home/javierac/camera_gz/install/topic_tools_interfaces/include/topic_tools_interfaces/topic_tools_interfaces/srv/detail/mux_list__functions.h
[9.445s] -- Installing: /home/javierac/camera_gz/install/topic_tools_interfaces/include/topic_tools_interfaces/topic_tools_interfaces/srv/detail/mux_list__functions.c
[9.445s] -- Installing: /home/javierac/camera_gz/install/topic_tools_interfaces/include/topic_tools_interfaces/topic_tools_interfaces/srv/detail/demux_list__description.c
[9.445s] -- Installing: /home/javierac/camera_gz/install/topic_tools_interfaces/include/topic_tools_interfaces/topic_tools_interfaces/srv/detail/mux_add__description.c
[9.445s] -- Installing: /home/javierac/camera_gz/install/topic_tools_interfaces/include/topic_tools_interfaces/topic_tools_interfaces/msg
[9.446s] -- Installing: /home/javierac/camera_gz/install/topic_tools_interfaces/include/topic_tools_interfaces/topic_tools_interfaces/msg/rosidl_generator_c__visibility_control.h
[9.446s] -- Installing: /home/javierac/camera_gz/install/topic_tools_interfaces/share/topic_tools_interfaces/environment/library_path.sh
[9.446s] -- Installing: /home/javierac/camera_gz/install/topic_tools_interfaces/share/topic_tools_interfaces/environment/library_path.dsv
[9.446s] -- Installing: /home/javierac/camera_gz/install/topic_tools_interfaces/lib/libtopic_tools_interfaces__rosidl_generator_c.so
[9.446s] -- Set non-toolchain portion of runtime path of "/home/javierac/camera_gz/install/topic_tools_interfaces/lib/libtopic_tools_interfaces__rosidl_generator_c.so" to ""
[9.446s] -- Up-to-date: /home/javierac/camera_gz/install/topic_tools_interfaces/include/topic_tools_interfaces/topic_tools_interfaces
[9.446s] -- Up-to-date: /home/javierac/camera_gz/install/topic_tools_interfaces/include/topic_tools_interfaces/topic_tools_interfaces/srv
[9.446s] -- Up-to-date: /home/javierac/camera_gz/install/topic_tools_interfaces/include/topic_tools_interfaces/topic_tools_interfaces/srv/detail
[9.446s] -- Installing: /home/javierac/camera_gz/install/topic_tools_interfaces/include/topic_tools_interfaces/topic_tools_interfaces/srv/detail/mux_add__rosidl_typesupport_fastrtps_c.h
[9.446s] -- Installing: /home/javierac/camera_gz/install/topic_tools_interfaces/include/topic_tools_interfaces/topic_tools_interfaces/srv/detail/demux_list__rosidl_typesupport_fastrtps_c.h
[9.447s] -- Installing: /home/javierac/camera_gz/install/topic_tools_interfaces/include/topic_tools_interfaces/topic_tools_interfaces/srv/detail/demux_select__rosidl_typesupport_fastrtps_c.h
[9.447s] -- Installing: /home/javierac/camera_gz/install/topic_tools_interfaces/include/topic_tools_interfaces/topic_tools_interfaces/srv/detail/demux_add__rosidl_typesupport_fastrtps_c.h
[9.447s] -- Installing: /home/javierac/camera_gz/install/topic_tools_interfaces/include/topic_tools_interfaces/topic_tools_interfaces/srv/detail/demux_delete__rosidl_typesupport_fastrtps_c.h
[9.447s] -- Installing: /home/javierac/camera_gz/install/topic_tools_interfaces/include/topic_tools_interfaces/topic_tools_interfaces/srv/detail/mux_list__rosidl_typesupport_fastrtps_c.h
[9.447s] -- Installing: /home/javierac/camera_gz/install/topic_tools_interfaces/include/topic_tools_interfaces/topic_tools_interfaces/srv/detail/mux_delete__rosidl_typesupport_fastrtps_c.h
[9.447s] -- Installing: /home/javierac/camera_gz/install/topic_tools_interfaces/include/topic_tools_interfaces/topic_tools_interfaces/srv/detail/mux_select__rosidl_typesupport_fastrtps_c.h
[9.447s] -- Up-to-date: /home/javierac/camera_gz/install/topic_tools_interfaces/include/topic_tools_interfaces/topic_tools_interfaces/msg
[9.447s] -- Installing: /home/javierac/camera_gz/install/topic_tools_interfaces/include/topic_tools_interfaces/topic_tools_interfaces/msg/rosidl_typesupport_fastrtps_c__visibility_control.h
[9.447s] -- Installing: /home/javierac/camera_gz/install/topic_tools_interfaces/lib/libtopic_tools_interfaces__rosidl_typesupport_fastrtps_c.so
[9.447s] -- Set non-toolchain portion of runtime path of "/home/javierac/camera_gz/install/topic_tools_interfaces/lib/libtopic_tools_interfaces__rosidl_typesupport_fastrtps_c.so" to ""
[9.447s] -- Up-to-date: /home/javierac/camera_gz/install/topic_tools_interfaces/include/topic_tools_interfaces/topic_tools_interfaces
[9.447s] -- Up-to-date: /home/javierac/camera_gz/install/topic_tools_interfaces/include/topic_tools_interfaces/topic_tools_interfaces/srv
[9.447s] -- Up-to-date: /home/javierac/camera_gz/install/topic_tools_interfaces/include/topic_tools_interfaces/topic_tools_interfaces/srv/detail
[9.447s] -- Installing: /home/javierac/camera_gz/install/topic_tools_interfaces/include/topic_tools_interfaces/topic_tools_interfaces/srv/detail/demux_select__rosidl_typesupport_introspection_c.h
[9.447s] -- Installing: /home/javierac/camera_gz/install/topic_tools_interfaces/include/topic_tools_interfaces/topic_tools_interfaces/srv/detail/mux_add__rosidl_typesupport_introspection_c.h
[9.448s] -- Installing: /home/javierac/camera_gz/install/topic_tools_interfaces/include/topic_tools_interfaces/topic_tools_interfaces/srv/detail/mux_list__type_support.c
[9.448s] -- Installing: /home/javierac/camera_gz/install/topic_tools_interfaces/include/topic_tools_interfaces/topic_tools_interfaces/srv/detail/demux_list__rosidl_typesupport_introspection_c.h
[9.448s] -- Installing: /home/javierac/camera_gz/install/topic_tools_interfaces/include/topic_tools_interfaces/topic_tools_interfaces/srv/detail/mux_delete__type_support.c
[9.448s] -- Installing: /home/javierac/camera_gz/install/topic_tools_interfaces/include/topic_tools_interfaces/topic_tools_interfaces/srv/detail/mux_list__rosidl_typesupport_introspection_c.h
[9.448s] -- Installing: /home/javierac/camera_gz/install/topic_tools_interfaces/include/topic_tools_interfaces/topic_tools_interfaces/srv/detail/mux_delete__rosidl_typesupport_introspection_c.h
[9.448s] -- Installing: /home/javierac/camera_gz/install/topic_tools_interfaces/include/topic_tools_interfaces/topic_tools_interfaces/srv/detail/demux_select__type_support.c
[9.448s] -- Installing: /home/javierac/camera_gz/install/topic_tools_interfaces/include/topic_tools_interfaces/topic_tools_interfaces/srv/detail/demux_delete__type_support.c
[9.448s] -- Installing: /home/javierac/camera_gz/install/topic_tools_interfaces/include/topic_tools_interfaces/topic_tools_interfaces/srv/detail/demux_add__type_support.c
[9.448s] -- Installing: /home/javierac/camera_gz/install/topic_tools_interfaces/include/topic_tools_interfaces/topic_tools_interfaces/srv/detail/demux_list__type_support.c
[9.448s] -- Installing: /home/javierac/camera_gz/install/topic_tools_interfaces/include/topic_tools_interfaces/topic_tools_interfaces/srv/detail/mux_select__rosidl_typesupport_introspection_c.h
[9.448s] -- Installing: /home/javierac/camera_gz/install/topic_tools_interfaces/include/topic_tools_interfaces/topic_tools_interfaces/srv/detail/mux_add__type_support.c
[9.448s] -- Installing: /home/javierac/camera_gz/install/topic_tools_interfaces/include/topic_tools_interfaces/topic_tools_interfaces/srv/detail/demux_add__rosidl_typesupport_introspection_c.h
[9.448s] -- Installing: /home/javierac/camera_gz/install/topic_tools_interfaces/include/topic_tools_interfaces/topic_tools_interfaces/srv/detail/mux_select__type_support.c
[9.448s] -- Installing: /home/javierac/camera_gz/install/topic_tools_interfaces/include/topic_tools_interfaces/topic_tools_interfaces/srv/detail/demux_delete__rosidl_typesupport_introspection_c.h
[9.448s] -- Up-to-date: /home/javierac/camera_gz/install/topic_tools_interfaces/include/topic_tools_interfaces/topic_tools_interfaces/msg
[9.449s] -- Installing: /home/javierac/camera_gz/install/topic_tools_interfaces/include/topic_tools_interfaces/topic_tools_interfaces/msg/rosidl_typesupport_introspection_c__visibility_control.h
[9.449s] -- Installing: /home/javierac/camera_gz/install/topic_tools_interfaces/lib/libtopic_tools_interfaces__rosidl_typesupport_introspection_c.so
[9.449s] -- Set non-toolchain portion of runtime path of "/home/javierac/camera_gz/install/topic_tools_interfaces/lib/libtopic_tools_interfaces__rosidl_typesupport_introspection_c.so" to ""
[9.449s] -- Installing: /home/javierac/camera_gz/install/topic_tools_interfaces/lib/libtopic_tools_interfaces__rosidl_typesupport_c.so
[9.449s] -- Set non-toolchain portion of runtime path of "/home/javierac/camera_gz/install/topic_tools_interfaces/lib/libtopic_tools_interfaces__rosidl_typesupport_c.so" to ""
[9.449s] -- Up-to-date: /home/javierac/camera_gz/install/topic_tools_interfaces/include/topic_tools_interfaces/topic_tools_interfaces
[9.449s] -- Up-to-date: /home/javierac/camera_gz/install/topic_tools_interfaces/include/topic_tools_interfaces/topic_tools_interfaces/srv
[9.449s] -- Installing: /home/javierac/camera_gz/install/topic_tools_interfaces/include/topic_tools_interfaces/topic_tools_interfaces/srv/demux_list.hpp
[9.449s] -- Installing: /home/javierac/camera_gz/install/topic_tools_interfaces/include/topic_tools_interfaces/topic_tools_interfaces/srv/mux_add.hpp
[9.449s] -- Installing: /home/javierac/camera_gz/install/topic_tools_interfaces/include/topic_tools_interfaces/topic_tools_interfaces/srv/mux_delete.hpp
[9.449s] -- Installing: /home/javierac/camera_gz/install/topic_tools_interfaces/include/topic_tools_interfaces/topic_tools_interfaces/srv/demux_add.hpp
[9.449s] -- Installing: /home/javierac/camera_gz/install/topic_tools_interfaces/include/topic_tools_interfaces/topic_tools_interfaces/srv/mux_list.hpp
[9.449s] -- Installing: /home/javierac/camera_gz/install/topic_tools_interfaces/include/topic_tools_interfaces/topic_tools_interfaces/srv/demux_select.hpp
[9.449s] -- Installing: /home/javierac/camera_gz/install/topic_tools_interfaces/include/topic_tools_interfaces/topic_tools_interfaces/srv/demux_delete.hpp
[9.450s] -- Installing: /home/javierac/camera_gz/install/topic_tools_interfaces/include/topic_tools_interfaces/topic_tools_interfaces/srv/mux_select.hpp
[9.450s] -- Up-to-date: /home/javierac/camera_gz/install/topic_tools_interfaces/include/topic_tools_interfaces/topic_tools_interfaces/srv/detail
[9.450s] -- Installing: /home/javierac/camera_gz/install/topic_tools_interfaces/include/topic_tools_interfaces/topic_tools_interfaces/srv/detail/mux_list__builder.hpp
[9.450s] -- Installing: /home/javierac/camera_gz/install/topic_tools_interfaces/include/topic_tools_interfaces/topic_tools_interfaces/srv/detail/demux_select__traits.hpp
[9.450s] -- Installing: /home/javierac/camera_gz/install/topic_tools_interfaces/include/topic_tools_interfaces/topic_tools_interfaces/srv/detail/demux_delete__traits.hpp
[9.450s] -- Installing: /home/javierac/camera_gz/install/topic_tools_interfaces/include/topic_tools_interfaces/topic_tools_interfaces/srv/detail/demux_add__type_support.hpp
[9.450s] -- Installing: /home/javierac/camera_gz/install/topic_tools_interfaces/include/topic_tools_interfaces/topic_tools_interfaces/srv/detail/mux_list__struct.hpp
[9.450s] -- Installing: /home/javierac/camera_gz/install/topic_tools_interfaces/include/topic_tools_interfaces/topic_tools_interfaces/srv/detail/mux_add__type_support.hpp
[9.450s] -- Installing: /home/javierac/camera_gz/install/topic_tools_interfaces/include/topic_tools_interfaces/topic_tools_interfaces/srv/detail/mux_add__struct.hpp
[9.450s] -- Installing: /home/javierac/camera_gz/install/topic_tools_interfaces/include/topic_tools_interfaces/topic_tools_interfaces/srv/detail/mux_delete__struct.hpp
[9.450s] -- Installing: /home/javierac/camera_gz/install/topic_tools_interfaces/include/topic_tools_interfaces/topic_tools_interfaces/srv/detail/demux_delete__builder.hpp
[9.450s] -- Installing: /home/javierac/camera_gz/install/topic_tools_interfaces/include/topic_tools_interfaces/topic_tools_interfaces/srv/detail/mux_list__type_support.hpp
[9.450s] -- Installing: /home/javierac/camera_gz/install/topic_tools_interfaces/include/topic_tools_interfaces/topic_tools_interfaces/srv/detail/demux_list__builder.hpp
[9.450s] -- Installing: /home/javierac/camera_gz/install/topic_tools_interfaces/include/topic_tools_interfaces/topic_tools_interfaces/srv/detail/mux_delete__type_support.hpp
[9.450s] -- Installing: /home/javierac/camera_gz/install/topic_tools_interfaces/include/topic_tools_interfaces/topic_tools_interfaces/srv/detail/mux_delete__traits.hpp
[9.450s] -- Installing: /home/javierac/camera_gz/install/topic_tools_interfaces/include/topic_tools_interfaces/topic_tools_interfaces/srv/detail/mux_select__struct.hpp
[9.450s] -- Installing: /home/javierac/camera_gz/install/topic_tools_interfaces/include/topic_tools_interfaces/topic_tools_interfaces/srv/detail/demux_delete__struct.hpp
[9.451s] -- Installing: /home/javierac/camera_gz/install/topic_tools_interfaces/include/topic_tools_interfaces/topic_tools_interfaces/srv/detail/demux_add__builder.hpp
[9.451s] -- Installing: /home/javierac/camera_gz/install/topic_tools_interfaces/include/topic_tools_interfaces/topic_tools_interfaces/srv/detail/demux_add__traits.hpp
[9.451s] -- Installing: /home/javierac/camera_gz/install/topic_tools_interfaces/include/topic_tools_interfaces/topic_tools_interfaces/srv/detail/mux_add__traits.hpp
[9.451s] -- Installing: /home/javierac/camera_gz/install/topic_tools_interfaces/include/topic_tools_interfaces/topic_tools_interfaces/srv/detail/mux_delete__builder.hpp
[9.451s] -- Installing: /home/javierac/camera_gz/install/topic_tools_interfaces/include/topic_tools_interfaces/topic_tools_interfaces/srv/detail/mux_add__builder.hpp
[9.451s] -- Installing: /home/javierac/camera_gz/install/topic_tools_interfaces/include/topic_tools_interfaces/topic_tools_interfaces/srv/detail/demux_delete__type_support.hpp
[9.451s] -- Installing: /home/javierac/camera_gz/install/topic_tools_interfaces/include/topic_tools_interfaces/topic_tools_interfaces/srv/detail/mux_select__type_support.hpp
[9.451s] -- Installing: /home/javierac/camera_gz/install/topic_tools_interfaces/include/topic_tools_interfaces/topic_tools_interfaces/srv/detail/demux_select__builder.hpp
[9.451s] -- Installing: /home/javierac/camera_gz/install/topic_tools_interfaces/include/topic_tools_interfaces/topic_tools_interfaces/srv/detail/demux_list__struct.hpp
[9.451s] -- Installing: /home/javierac/camera_gz/install/topic_tools_interfaces/include/topic_tools_interfaces/topic_tools_interfaces/srv/detail/demux_list__type_support.hpp
[9.451s] -- Installing: /home/javierac/camera_gz/install/topic_tools_interfaces/include/topic_tools_interfaces/topic_tools_interfaces/srv/detail/mux_select__traits.hpp
[9.451s] -- Installing: /home/javierac/camera_gz/install/topic_tools_interfaces/include/topic_tools_interfaces/topic_tools_interfaces/srv/detail/demux_select__type_support.hpp
[9.451s] -- Installing: /home/javierac/camera_gz/install/topic_tools_interfaces/include/topic_tools_interfaces/topic_tools_interfaces/srv/detail/mux_select__builder.hpp
[9.451s] -- Installing: /home/javierac/camera_gz/install/topic_tools_interfaces/include/topic_tools_interfaces/topic_tools_interfaces/srv/detail/mux_list__traits.hpp
[9.451s] -- Installing: /home/javierac/camera_gz/install/topic_tools_interfaces/include/topic_tools_interfaces/topic_tools_interfaces/srv/detail/demux_list__traits.hpp
[9.451s] -- Installing: /home/javierac/camera_gz/install/topic_tools_interfaces/include/topic_tools_interfaces/topic_tools_interfaces/srv/detail/demux_add__struct.hpp
[9.451s] -- Installing: /home/javierac/camera_gz/install/topic_tools_interfaces/include/topic_tools_interfaces/topic_tools_interfaces/srv/detail/demux_select__struct.hpp
[9.451s] -- Up-to-date: /home/javierac/camera_gz/install/topic_tools_interfaces/include/topic_tools_interfaces/topic_tools_interfaces/msg
[9.452s] -- Installing: /home/javierac/camera_gz/install/topic_tools_interfaces/include/topic_tools_interfaces/topic_tools_interfaces/msg/rosidl_generator_cpp__visibility_control.hpp
[9.452s] -- Up-to-date: /home/javierac/camera_gz/install/topic_tools_interfaces/include/topic_tools_interfaces/topic_tools_interfaces
[9.452s] -- Up-to-date: /home/javierac/camera_gz/install/topic_tools_interfaces/include/topic_tools_interfaces/topic_tools_interfaces/srv
[9.452s] -- Up-to-date: /home/javierac/camera_gz/install/topic_tools_interfaces/include/topic_tools_interfaces/topic_tools_interfaces/srv/detail
[9.452s] -- Installing: /home/javierac/camera_gz/install/topic_tools_interfaces/include/topic_tools_interfaces/topic_tools_interfaces/srv/detail/demux_add__rosidl_typesupport_fastrtps_cpp.hpp
[9.452s] -- Installing: /home/javierac/camera_gz/install/topic_tools_interfaces/include/topic_tools_interfaces/topic_tools_interfaces/srv/detail/mux_select__rosidl_typesupport_fastrtps_cpp.hpp
[9.452s] -- Installing: /home/javierac/camera_gz/install/topic_tools_interfaces/include/topic_tools_interfaces/topic_tools_interfaces/srv/detail/dds_fastrtps
[9.452s] -- Installing: /home/javierac/camera_gz/install/topic_tools_interfaces/include/topic_tools_interfaces/topic_tools_interfaces/srv/detail/demux_select__rosidl_typesupport_fastrtps_cpp.hpp
[9.452s] -- Installing: /home/javierac/camera_gz/install/topic_tools_interfaces/include/topic_tools_interfaces/topic_tools_interfaces/srv/detail/mux_list__rosidl_typesupport_fastrtps_cpp.hpp
[9.452s] -- Installing: /home/javierac/camera_gz/install/topic_tools_interfaces/include/topic_tools_interfaces/topic_tools_interfaces/srv/detail/demux_list__rosidl_typesupport_fastrtps_cpp.hpp
[9.452s] -- Installing: /home/javierac/camera_gz/install/topic_tools_interfaces/include/topic_tools_interfaces/topic_tools_interfaces/srv/detail/mux_add__rosidl_typesupport_fastrtps_cpp.hpp
[9.452s] -- Installing: /home/javierac/camera_gz/install/topic_tools_interfaces/include/topic_tools_interfaces/topic_tools_interfaces/srv/detail/mux_delete__rosidl_typesupport_fastrtps_cpp.hpp
[9.452s] -- Installing: /home/javierac/camera_gz/install/topic_tools_interfaces/include/topic_tools_interfaces/topic_tools_interfaces/srv/detail/demux_delete__rosidl_typesupport_fastrtps_cpp.hpp
[9.452s] -- Up-to-date: /home/javierac/camera_gz/install/topic_tools_interfaces/include/topic_tools_interfaces/topic_tools_interfaces/msg
[9.452s] -- Installing: /home/javierac/camera_gz/install/topic_tools_interfaces/include/topic_tools_interfaces/topic_tools_interfaces/msg/rosidl_typesupport_fastrtps_cpp__visibility_control.h
[9.452s] -- Installing: /home/javierac/camera_gz/install/topic_tools_interfaces/lib/libtopic_tools_interfaces__rosidl_typesupport_fastrtps_cpp.so
[9.453s] -- Set non-toolchain portion of runtime path of "/home/javierac/camera_gz/install/topic_tools_interfaces/lib/libtopic_tools_interfaces__rosidl_typesupport_fastrtps_cpp.so" to ""
[9.453s] -- Up-to-date: /home/javierac/camera_gz/install/topic_tools_interfaces/include/topic_tools_interfaces/topic_tools_interfaces
[9.453s] -- Up-to-date: /home/javierac/camera_gz/install/topic_tools_interfaces/include/topic_tools_interfaces/topic_tools_interfaces/srv
[9.453s] -- Up-to-date: /home/javierac/camera_gz/install/topic_tools_interfaces/include/topic_tools_interfaces/topic_tools_interfaces/srv/detail
[9.453s] -- Installing: /home/javierac/camera_gz/install/topic_tools_interfaces/include/topic_tools_interfaces/topic_tools_interfaces/srv/detail/mux_list__rosidl_typesupport_introspection_cpp.hpp
[9.453s] -- Installing: /home/javierac/camera_gz/install/topic_tools_interfaces/include/topic_tools_interfaces/topic_tools_interfaces/srv/detail/mux_select__rosidl_typesupport_introspection_cpp.hpp
[9.453s] -- Installing: /home/javierac/camera_gz/install/topic_tools_interfaces/include/topic_tools_interfaces/topic_tools_interfaces/srv/detail/demux_list__rosidl_typesupport_introspection_cpp.hpp
[9.454s] -- Installing: /home/javierac/camera_gz/install/topic_tools_interfaces/include/topic_tools_interfaces/topic_tools_interfaces/srv/detail/mux_delete__rosidl_typesupport_introspection_cpp.hpp
[9.454s] -- Installing: /home/javierac/camera_gz/install/topic_tools_interfaces/include/topic_tools_interfaces/topic_tools_interfaces/srv/detail/mux_add__rosidl_typesupport_introspection_cpp.hpp
[9.454s] -- Installing: /home/javierac/camera_gz/install/topic_tools_interfaces/include/topic_tools_interfaces/topic_tools_interfaces/srv/detail/demux_list__type_support.cpp
[9.454s] -- Installing: /home/javierac/camera_gz/install/topic_tools_interfaces/include/topic_tools_interfaces/topic_tools_interfaces/srv/detail/mux_delete__type_support.cpp
[9.454s] -- Installing: /home/javierac/camera_gz/install/topic_tools_interfaces/include/topic_tools_interfaces/topic_tools_interfaces/srv/detail/demux_add__type_support.cpp
[9.454s] -- Installing: /home/javierac/camera_gz/install/topic_tools_interfaces/include/topic_tools_interfaces/topic_tools_interfaces/srv/detail/demux_delete__rosidl_typesupport_introspection_cpp.hpp
[9.454s] -- Installing: /home/javierac/camera_gz/install/topic_tools_interfaces/include/topic_tools_interfaces/topic_tools_interfaces/srv/detail/demux_add__rosidl_typesupport_introspection_cpp.hpp
[9.454s] -- Installing: /home/javierac/camera_gz/install/topic_tools_interfaces/include/topic_tools_interfaces/topic_tools_interfaces/srv/detail/demux_select__rosidl_typesupport_introspection_cpp.hpp
[9.454s] -- Installing: /home/javierac/camera_gz/install/topic_tools_interfaces/include/topic_tools_interfaces/topic_tools_interfaces/srv/detail/mux_add__type_support.cpp
[9.454s] -- Installing: /home/javierac/camera_gz/install/topic_tools_interfaces/include/topic_tools_interfaces/topic_tools_interfaces/srv/detail/mux_select__type_support.cpp
[9.454s] -- Installing: /home/javierac/camera_gz/install/topic_tools_interfaces/include/topic_tools_interfaces/topic_tools_interfaces/srv/detail/demux_select__type_support.cpp
[9.454s] -- Installing: /home/javierac/camera_gz/install/topic_tools_interfaces/include/topic_tools_interfaces/topic_tools_interfaces/srv/detail/demux_delete__type_support.cpp
[9.454s] -- Installing: /home/javierac/camera_gz/install/topic_tools_interfaces/include/topic_tools_interfaces/topic_tools_interfaces/srv/detail/mux_list__type_support.cpp
[9.454s] -- Installing: /home/javierac/camera_gz/install/topic_tools_interfaces/lib/libtopic_tools_interfaces__rosidl_typesupport_introspection_cpp.so
[9.454s] -- Set non-toolchain portion of runtime path of "/home/javierac/camera_gz/install/topic_tools_interfaces/lib/libtopic_tools_interfaces__rosidl_typesupport_introspection_cpp.so" to ""
[9.454s] -- Installing: /home/javierac/camera_gz/install/topic_tools_interfaces/lib/libtopic_tools_interfaces__rosidl_typesupport_cpp.so
[9.455s] -- Set non-toolchain portion of runtime path of "/home/javierac/camera_gz/install/topic_tools_interfaces/lib/libtopic_tools_interfaces__rosidl_typesupport_cpp.so" to ""
[9.455s] -- Installing: /home/javierac/camera_gz/install/topic_tools_interfaces/share/topic_tools_interfaces/environment/pythonpath.sh
[9.455s] -- Installing: /home/javierac/camera_gz/install/topic_tools_interfaces/share/topic_tools_interfaces/environment/pythonpath.dsv
[9.455s] -- Installing: /home/javierac/camera_gz/install/topic_tools_interfaces/lib/python3.12/site-packages/topic_tools_interfaces-1.4.3-py3.12.egg-info
[9.455s] -- Installing: /home/javierac/camera_gz/install/topic_tools_interfaces/lib/python3.12/site-packages/topic_tools_interfaces-1.4.3-py3.12.egg-info/dependency_links.txt
[9.455s] -- Installing: /home/javierac/camera_gz/install/topic_tools_interfaces/lib/python3.12/site-packages/topic_tools_interfaces-1.4.3-py3.12.egg-info/PKG-INFO
[9.455s] -- Installing: /home/javierac/camera_gz/install/topic_tools_interfaces/lib/python3.12/site-packages/topic_tools_interfaces-1.4.3-py3.12.egg-info/SOURCES.txt
[9.455s] -- Installing: /home/javierac/camera_gz/install/topic_tools_interfaces/lib/python3.12/site-packages/topic_tools_interfaces-1.4.3-py3.12.egg-info/top_level.txt
[9.456s] -- Installing: /home/javierac/camera_gz/install/topic_tools_interfaces/lib/python3.12/site-packages/topic_tools_interfaces
[9.456s] -- Installing: /home/javierac/camera_gz/install/topic_tools_interfaces/lib/python3.12/site-packages/topic_tools_interfaces/__init__.py
[9.456s] -- Installing: /home/javierac/camera_gz/install/topic_tools_interfaces/lib/python3.12/site-packages/topic_tools_interfaces/topic_tools_interfaces_s__rosidl_typesupport_introspection_c.so
[9.456s] -- Installing: /home/javierac/camera_gz/install/topic_tools_interfaces/lib/python3.12/site-packages/topic_tools_interfaces/topic_tools_interfaces_s__rosidl_typesupport_fastrtps_c.so
[9.456s] -- Installing: /home/javierac/camera_gz/install/topic_tools_interfaces/lib/python3.12/site-packages/topic_tools_interfaces/topic_tools_interfaces_s__rosidl_typesupport_c.so
[9.456s] -- Installing: /home/javierac/camera_gz/install/topic_tools_interfaces/lib/python3.12/site-packages/topic_tools_interfaces/_topic_tools_interfaces_s.ep.rosidl_typesupport_introspection_c.c
[9.456s] -- Installing: /home/javierac/camera_gz/install/topic_tools_interfaces/lib/python3.12/site-packages/topic_tools_interfaces/srv
[9.456s] -- Installing: /home/javierac/camera_gz/install/topic_tools_interfaces/lib/python3.12/site-packages/topic_tools_interfaces/srv/__init__.py
[9.456s] -- Installing: /home/javierac/camera_gz/install/topic_tools_interfaces/lib/python3.12/site-packages/topic_tools_interfaces/srv/_mux_delete.py
[9.457s] -- Installing: /home/javierac/camera_gz/install/topic_tools_interfaces/lib/python3.12/site-packages/topic_tools_interfaces/srv/_demux_list.py
[9.457s] -- Installing: /home/javierac/camera_gz/install/topic_tools_interfaces/lib/python3.12/site-packages/topic_tools_interfaces/srv/_demux_delete.py
[9.457s] -- Installing: /home/javierac/camera_gz/install/topic_tools_interfaces/lib/python3.12/site-packages/topic_tools_interfaces/srv/_mux_list.py
[9.457s] -- Installing: /home/javierac/camera_gz/install/topic_tools_interfaces/lib/python3.12/site-packages/topic_tools_interfaces/srv/_mux_select_s.c
[9.457s] -- Installing: /home/javierac/camera_gz/install/topic_tools_interfaces/lib/python3.12/site-packages/topic_tools_interfaces/srv/_demux_select_s.c
[9.457s] -- Installing: /home/javierac/camera_gz/install/topic_tools_interfaces/lib/python3.12/site-packages/topic_tools_interfaces/srv/_demux_delete_s.c
[9.457s] -- Installing: /home/javierac/camera_gz/install/topic_tools_interfaces/lib/python3.12/site-packages/topic_tools_interfaces/srv/_mux_select.py
[9.457s] -- Installing: /home/javierac/camera_gz/install/topic_tools_interfaces/lib/python3.12/site-packages/topic_tools_interfaces/srv/_mux_add.py
[9.457s] -- Installing: /home/javierac/camera_gz/install/topic_tools_interfaces/lib/python3.12/site-packages/topic_tools_interfaces/srv/_demux_select.py
[9.457s] -- Installing: /home/javierac/camera_gz/install/topic_tools_interfaces/lib/python3.12/site-packages/topic_tools_interfaces/srv/_mux_delete_s.c
[9.457s] -- Installing: /home/javierac/camera_gz/install/topic_tools_interfaces/lib/python3.12/site-packages/topic_tools_interfaces/srv/_mux_list_s.c
[9.458s] -- Installing: /home/javierac/camera_gz/install/topic_tools_interfaces/lib/python3.12/site-packages/topic_tools_interfaces/srv/_demux_add_s.c
[9.458s] -- Installing: /home/javierac/camera_gz/install/topic_tools_interfaces/lib/python3.12/site-packages/topic_tools_interfaces/srv/_demux_list_s.c
[9.458s] -- Installing: /home/javierac/camera_gz/install/topic_tools_interfaces/lib/python3.12/site-packages/topic_tools_interfaces/srv/_demux_add.py
[9.458s] -- Installing: /home/javierac/camera_gz/install/topic_tools_interfaces/lib/python3.12/site-packages/topic_tools_interfaces/srv/_mux_add_s.c
[9.458s] -- Installing: /home/javierac/camera_gz/install/topic_tools_interfaces/lib/python3.12/site-packages/topic_tools_interfaces/_topic_tools_interfaces_s.ep.rosidl_typesupport_c.c
[9.458s] -- Installing: /home/javierac/camera_gz/install/topic_tools_interfaces/lib/python3.12/site-packages/topic_tools_interfaces/_topic_tools_interfaces_s.ep.rosidl_typesupport_fastrtps_c.c
[9.524s] Listing '/home/javierac/camera_gz/install/topic_tools_interfaces/lib/python3.12/site-packages/topic_tools_interfaces'...
[9.524s] Compiling '/home/javierac/camera_gz/install/topic_tools_interfaces/lib/python3.12/site-packages/topic_tools_interfaces/__init__.py'...
[9.524s] Listing '/home/javierac/camera_gz/install/topic_tools_interfaces/lib/python3.12/site-packages/topic_tools_interfaces/srv'...
[9.524s] Compiling '/home/javierac/camera_gz/install/topic_tools_interfaces/lib/python3.12/site-packages/topic_tools_interfaces/srv/__init__.py'...
[9.524s] Compiling '/home/javierac/camera_gz/install/topic_tools_interfaces/lib/python3.12/site-packages/topic_tools_interfaces/srv/_demux_add.py'...
[9.524s] Compiling '/home/javierac/camera_gz/install/topic_tools_interfaces/lib/python3.12/site-packages/topic_tools_interfaces/srv/_demux_delete.py'...
[9.525s] Compiling '/home/javierac/camera_gz/install/topic_tools_interfaces/lib/python3.12/site-packages/topic_tools_interfaces/srv/_demux_list.py'...
[9.525s] Compiling '/home/javierac/camera_gz/install/topic_tools_interfaces/lib/python3.12/site-packages/topic_tools_interfaces/srv/_demux_select.py'...
[9.525s] Compiling '/home/javierac/camera_gz/install/topic_tools_interfaces/lib/python3.12/site-packages/topic_tools_interfaces/srv/_mux_add.py'...
[9.525s] Compiling '/home/javierac/camera_gz/install/topic_tools_interfaces/lib/python3.12/site-packages/topic_tools_interfaces/srv/_mux_delete.py'...
[9.525s] Compiling '/home/javierac/camera_gz/install/topic_tools_interfaces/lib/python3.12/site-packages/topic_tools_interfaces/srv/_mux_list.py'...
[9.525s] Compiling '/home/javierac/camera_gz/install/topic_tools_interfaces/lib/python3.12/site-packages/topic_tools_interfaces/srv/_mux_select.py'...
[9.531s] -- Installing: /home/javierac/camera_gz/install/topic_tools_interfaces/lib/python3.12/site-packages/topic_tools_interfaces/topic_tools_interfaces_s__rosidl_typesupport_fastrtps_c.so
[9.531s] -- Set non-toolchain portion of runtime path of "/home/javierac/camera_gz/install/topic_tools_interfaces/lib/python3.12/site-packages/topic_tools_interfaces/topic_tools_interfaces_s__rosidl_typesupport_fastrtps_c.so" to ""
[9.531s] -- Installing: /home/javierac/camera_gz/install/topic_tools_interfaces/lib/python3.12/site-packages/topic_tools_interfaces/topic_tools_interfaces_s__rosidl_typesupport_introspection_c.so
[9.531s] -- Set non-toolchain portion of runtime path of "/home/javierac/camera_gz/install/topic_tools_interfaces/lib/python3.12/site-packages/topic_tools_interfaces/topic_tools_interfaces_s__rosidl_typesupport_introspection_c.so" to ""
[9.531s] -- Installing: /home/javierac/camera_gz/install/topic_tools_interfaces/lib/python3.12/site-packages/topic_tools_interfaces/topic_tools_interfaces_s__rosidl_typesupport_c.so
[9.532s] -- Set non-toolchain portion of runtime path of "/home/javierac/camera_gz/install/topic_tools_interfaces/lib/python3.12/site-packages/topic_tools_interfaces/topic_tools_interfaces_s__rosidl_typesupport_c.so" to ""
[9.532s] -- Installing: /home/javierac/camera_gz/install/topic_tools_interfaces/lib/libtopic_tools_interfaces__rosidl_generator_py.so
[9.532s] -- Set non-toolchain portion of runtime path of "/home/javierac/camera_gz/install/topic_tools_interfaces/lib/libtopic_tools_interfaces__rosidl_generator_py.so" to ""
[9.532s] -- Installing: /home/javierac/camera_gz/install/topic_tools_interfaces/share/topic_tools_interfaces/srv/DemuxAdd.idl
[9.532s] -- Installing: /home/javierac/camera_gz/install/topic_tools_interfaces/share/topic_tools_interfaces/srv/DemuxDelete.idl
[9.532s] -- Installing: /home/javierac/camera_gz/install/topic_tools_interfaces/share/topic_tools_interfaces/srv/DemuxList.idl
[9.532s] -- Installing: /home/javierac/camera_gz/install/topic_tools_interfaces/share/topic_tools_interfaces/srv/DemuxSelect.idl
[9.532s] -- Installing: /home/javierac/camera_gz/install/topic_tools_interfaces/share/topic_tools_interfaces/srv/MuxAdd.idl
[9.533s] -- Installing: /home/javierac/camera_gz/install/topic_tools_interfaces/share/topic_tools_interfaces/srv/MuxDelete.idl
[9.533s] -- Installing: /home/javierac/camera_gz/install/topic_tools_interfaces/share/topic_tools_interfaces/srv/MuxList.idl
[9.533s] -- Installing: /home/javierac/camera_gz/install/topic_tools_interfaces/share/topic_tools_interfaces/srv/MuxSelect.idl
[9.533s] -- Installing: /home/javierac/camera_gz/install/topic_tools_interfaces/share/topic_tools_interfaces/srv/DemuxAdd.srv
[9.533s] -- Installing: /home/javierac/camera_gz/install/topic_tools_interfaces/share/topic_tools_interfaces/srv/DemuxDelete.srv
[9.533s] -- Installing: /home/javierac/camera_gz/install/topic_tools_interfaces/share/topic_tools_interfaces/srv/DemuxList.srv
[9.533s] -- Installing: /home/javierac/camera_gz/install/topic_tools_interfaces/share/topic_tools_interfaces/srv/DemuxSelect.srv
[9.533s] -- Installing: /home/javierac/camera_gz/install/topic_tools_interfaces/share/topic_tools_interfaces/srv/MuxAdd.srv
[9.533s] -- Installing: /home/javierac/camera_gz/install/topic_tools_interfaces/share/topic_tools_interfaces/srv/MuxDelete.srv
[9.533s] -- Installing: /home/javierac/camera_gz/install/topic_tools_interfaces/share/topic_tools_interfaces/srv/MuxList.srv
[9.534s] -- Installing: /home/javierac/camera_gz/install/topic_tools_interfaces/share/topic_tools_interfaces/srv/MuxSelect.srv
[9.534s] -- Installing: /home/javierac/camera_gz/install/topic_tools_interfaces/share/ament_index/resource_index/package_run_dependencies/topic_tools_interfaces
[9.534s] -- Installing: /home/javierac/camera_gz/install/topic_tools_interfaces/share/ament_index/resource_index/parent_prefix_path/topic_tools_interfaces
[9.534s] -- Installing: /home/javierac/camera_gz/install/topic_tools_interfaces/share/topic_tools_interfaces/environment/ament_prefix_path.sh
[9.534s] -- Installing: /home/javierac/camera_gz/install/topic_tools_interfaces/share/topic_tools_interfaces/environment/ament_prefix_path.dsv
[9.534s] -- Installing: /home/javierac/camera_gz/install/topic_tools_interfaces/share/topic_tools_interfaces/environment/path.sh
[9.534s] -- Installing: /home/javierac/camera_gz/install/topic_tools_interfaces/share/topic_tools_interfaces/environment/path.dsv
[9.534s] -- Installing: /home/javierac/camera_gz/install/topic_tools_interfaces/share/topic_tools_interfaces/local_setup.bash
[9.534s] -- Installing: /home/javierac/camera_gz/install/topic_tools_interfaces/share/topic_tools_interfaces/local_setup.sh
[9.535s] -- Installing: /home/javierac/camera_gz/install/topic_tools_interfaces/share/topic_tools_interfaces/local_setup.zsh
[9.535s] -- Installing: /home/javierac/camera_gz/install/topic_tools_interfaces/share/topic_tools_interfaces/local_setup.dsv
[9.535s] -- Installing: /home/javierac/camera_gz/install/topic_tools_interfaces/share/topic_tools_interfaces/package.dsv
[9.535s] -- Installing: /home/javierac/camera_gz/install/topic_tools_interfaces/share/ament_index/resource_index/packages/topic_tools_interfaces
[9.535s] -- Installing: /home/javierac/camera_gz/install/topic_tools_interfaces/share/topic_tools_interfaces/cmake/export_topic_tools_interfaces__rosidl_generator_cExport.cmake
[9.535s] -- Installing: /home/javierac/camera_gz/install/topic_tools_interfaces/share/topic_tools_interfaces/cmake/export_topic_tools_interfaces__rosidl_generator_cExport-noconfig.cmake
[9.535s] -- Installing: /home/javierac/camera_gz/install/topic_tools_interfaces/share/topic_tools_interfaces/cmake/export_topic_tools_interfaces__rosidl_typesupport_fastrtps_cExport.cmake
[9.535s] -- Installing: /home/javierac/camera_gz/install/topic_tools_interfaces/share/topic_tools_interfaces/cmake/export_topic_tools_interfaces__rosidl_typesupport_fastrtps_cExport-noconfig.cmake
[9.536s] -- Installing: /home/javierac/camera_gz/install/topic_tools_interfaces/share/topic_tools_interfaces/cmake/topic_tools_interfaces__rosidl_typesupport_introspection_cExport.cmake
[9.536s] -- Installing: /home/javierac/camera_gz/install/topic_tools_interfaces/share/topic_tools_interfaces/cmake/topic_tools_interfaces__rosidl_typesupport_introspection_cExport-noconfig.cmake
[9.536s] -- Installing: /home/javierac/camera_gz/install/topic_tools_interfaces/share/topic_tools_interfaces/cmake/topic_tools_interfaces__rosidl_typesupport_cExport.cmake
[9.536s] -- Installing: /home/javierac/camera_gz/install/topic_tools_interfaces/share/topic_tools_interfaces/cmake/topic_tools_interfaces__rosidl_typesupport_cExport-noconfig.cmake
[9.536s] -- Installing: /home/javierac/camera_gz/install/topic_tools_interfaces/share/topic_tools_interfaces/cmake/export_topic_tools_interfaces__rosidl_generator_cppExport.cmake
[9.536s] -- Installing: /home/javierac/camera_gz/install/topic_tools_interfaces/share/topic_tools_interfaces/cmake/export_topic_tools_interfaces__rosidl_typesupport_fastrtps_cppExport.cmake
[9.536s] -- Installing: /home/javierac/camera_gz/install/topic_tools_interfaces/share/topic_tools_interfaces/cmake/export_topic_tools_interfaces__rosidl_typesupport_fastrtps_cppExport-noconfig.cmake
[9.536s] -- Installing: /home/javierac/camera_gz/install/topic_tools_interfaces/share/topic_tools_interfaces/cmake/topic_tools_interfaces__rosidl_typesupport_introspection_cppExport.cmake
[9.537s] -- Installing: /home/javierac/camera_gz/install/topic_tools_interfaces/share/topic_tools_interfaces/cmake/topic_tools_interfaces__rosidl_typesupport_introspection_cppExport-noconfig.cmake
[9.537s] -- Installing: /home/javierac/camera_gz/install/topic_tools_interfaces/share/topic_tools_interfaces/cmake/topic_tools_interfaces__rosidl_typesupport_cppExport.cmake
[9.537s] -- Installing: /home/javierac/camera_gz/install/topic_tools_interfaces/share/topic_tools_interfaces/cmake/topic_tools_interfaces__rosidl_typesupport_cppExport-noconfig.cmake
[9.537s] -- Installing: /home/javierac/camera_gz/install/topic_tools_interfaces/share/topic_tools_interfaces/cmake/export_topic_tools_interfaces__rosidl_generator_pyExport.cmake
[9.537s] -- Installing: /home/javierac/camera_gz/install/topic_tools_interfaces/share/topic_tools_interfaces/cmake/export_topic_tools_interfaces__rosidl_generator_pyExport-noconfig.cmake
[9.537s] -- Installing: /home/javierac/camera_gz/install/topic_tools_interfaces/share/topic_tools_interfaces/cmake/rosidl_cmake-extras.cmake
[9.537s] -- Installing: /home/javierac/camera_gz/install/topic_tools_interfaces/share/topic_tools_interfaces/cmake/ament_cmake_export_dependencies-extras.cmake
[9.537s] -- Installing: /home/javierac/camera_gz/install/topic_tools_interfaces/share/topic_tools_interfaces/cmake/ament_cmake_export_include_directories-extras.cmake
[9.537s] -- Installing: /home/javierac/camera_gz/install/topic_tools_interfaces/share/topic_tools_interfaces/cmake/ament_cmake_export_libraries-extras.cmake
[9.538s] -- Installing: /home/javierac/camera_gz/install/topic_tools_interfaces/share/topic_tools_interfaces/cmake/ament_cmake_export_targets-extras.cmake
[9.538s] -- Installing: /home/javierac/camera_gz/install/topic_tools_interfaces/share/topic_tools_interfaces/cmake/rosidl_cmake_export_typesupport_targets-extras.cmake
[9.538s] -- Installing: /home/javierac/camera_gz/install/topic_tools_interfaces/share/topic_tools_interfaces/cmake/rosidl_cmake_export_typesupport_libraries-extras.cmake
[9.538s] -- Installing: /home/javierac/camera_gz/install/topic_tools_interfaces/share/topic_tools_interfaces/cmake/topic_tools_interfacesConfig.cmake
[9.538s] -- Installing: /home/javierac/camera_gz/install/topic_tools_interfaces/share/topic_tools_interfaces/cmake/topic_tools_interfacesConfig-version.cmake
[9.538s] -- Installing: /home/javierac/camera_gz/install/topic_tools_interfaces/share/topic_tools_interfaces/package.xml
[9.541s] Invoked command in '/home/javierac/camera_gz/build/topic_tools_interfaces' returned '0': CMAKE_PREFIX_PATH=${CMAKE_PREFIX_PATH}:/home/javierac/camera_gz/install/mogi_trajectory_server:/home/javierac/camera_gz/install/bme_gazebo_sensors_py:/home/xarm_ws/install/uf_ros_lib:/opt/ros/jazzy /usr/bin/cmake --install /home/javierac/camera_gz/build/topic_tools_interfaces
