[0.108s] DEBUG:colcon:Command line arguments: ['/usr/bin/colcon', 'build', '--packages-select', 'topic_tools_interfaces', 'topic_tools']
[0.108s] DEBUG:colcon:Parsed command line arguments: Namespace(log_base=None, log_level=None, verb_name='build', build_base='build', install_base='install', merge_install=False, symlink_install=False, test_result_base=None, continue_on_error=False, executor='parallel', parallel_workers=20, event_handlers=None, ignore_user_meta=False, metas=['./colcon.meta'], base_paths=['.'], packages_ignore=None, packages_ignore_regex=None, paths=None, packages_up_to=None, packages_up_to_regex=None, packages_above=None, packages_above_and_dependencies=None, packages_above_depth=None, packages_select_by_dep=None, packages_skip_by_dep=None, packages_skip_up_to=None, packages_select_build_failed=False, packages_skip_build_finished=False, packages_select_test_failures=False, packages_skip_test_passed=False, packages_select=['topic_tools_interfaces', 'topic_tools'], packages_skip=None, packages_select_regex=None, packages_skip_regex=None, packages_start=None, packages_end=None, cmake_args=None, cmake_target=None, cmake_target_skip_unavailable=False, cmake_clean_cache=False, cmake_clean_first=False, cmake_force_configure=False, ament_cmake_args=None, catkin_cmake_args=None, catkin_skip_building_tests=False, mixin_files=None, mixin=None, verb_parser=<colcon_mixin.mixin.mixin_argument.MixinArgumentDecorator object at 0x7cb0f559dd60>, verb_extension=<colcon_core.verb.build.BuildVerb object at 0x7cb0f559da60>, main=<bound method BuildVerb.main of <colcon_core.verb.build.BuildVerb object at 0x7cb0f559da60>>, mixin_verb=('build',))
[0.147s] Level 1:colcon.colcon_core.package_discovery:discover_packages(colcon_meta) check parameters
[0.148s] INFO:colcon.colcon_metadata.package_discovery.colcon_meta:Using configuration from '/root/.colcon/metadata/default/Gazebo.meta'
[0.148s] INFO:colcon.colcon_metadata.package_discovery.colcon_meta:Using configuration from '/root/.colcon/metadata/default/fastdds.meta'
[0.149s] INFO:colcon.colcon_metadata.package_discovery.colcon_meta:Using configuration from '/root/.colcon/metadata/default/fastrtps.meta'
[0.149s] Level 1:colcon.colcon_core.package_discovery:discover_packages(recursive) check parameters
[0.149s] Level 1:colcon.colcon_core.package_discovery:discover_packages(ignore) check parameters
[0.149s] Level 1:colcon.colcon_core.package_discovery:discover_packages(path) check parameters
[0.149s] Level 1:colcon.colcon_core.package_discovery:discover_packages(colcon_meta) discover
[0.149s] Level 1:colcon.colcon_core.package_discovery:discover_packages(recursive) discover
[0.149s] INFO:colcon.colcon_core.package_discovery:Crawling recursively for packages in '/home/javierac/camera_gz'
[0.149s] Level 1:colcon.colcon_core.package_identification:_identify(.) by extensions ['ignore', 'ignore_ament_install']
[0.149s] Level 1:colcon.colcon_core.package_identification:_identify(.) by extension 'ignore'
[0.149s] Level 1:colcon.colcon_core.package_identification:_identify(.) by extension 'ignore_ament_install'
[0.149s] Level 1:colcon.colcon_core.package_identification:_identify(.) by extensions ['colcon_pkg']
[0.149s] Level 1:colcon.colcon_core.package_identification:_identify(.) by extension 'colcon_pkg'
[0.149s] Level 1:colcon.colcon_core.package_identification:_identify(.) by extensions ['colcon_meta']
[0.149s] Level 1:colcon.colcon_core.package_identification:_identify(.) by extension 'colcon_meta'
[0.149s] Level 1:colcon.colcon_core.package_identification:_identify(.) by extensions ['ros']
[0.149s] Level 1:colcon.colcon_core.package_identification:_identify(.) by extension 'ros'
[0.176s] Level 1:colcon.colcon_core.package_identification:_identify(.) by extensions ['cmake', 'python']
[0.176s] Level 1:colcon.colcon_core.package_identification:_identify(.) by extension 'cmake'
[0.176s] Level 1:colcon.colcon_core.package_identification:_identify(.) by extension 'python'
[0.176s] Level 1:colcon.colcon_core.package_identification:_identify(.) by extensions ['python_setup_py']
[0.176s] Level 1:colcon.colcon_core.package_identification:_identify(.) by extension 'python_setup_py'
[0.176s] Level 1:colcon.colcon_core.package_identification:_identify(bme_gazebo_sensors) by extensions ['ignore', 'ignore_ament_install']
[0.176s] Level 1:colcon.colcon_core.package_identification:_identify(bme_gazebo_sensors) by extension 'ignore'
[0.176s] Level 1:colcon.colcon_core.package_identification:_identify(bme_gazebo_sensors) by extension 'ignore_ament_install'
[0.176s] Level 1:colcon.colcon_core.package_identification:_identify(bme_gazebo_sensors) by extensions ['colcon_pkg']
[0.176s] Level 1:colcon.colcon_core.package_identification:_identify(bme_gazebo_sensors) by extension 'colcon_pkg'
[0.176s] Level 1:colcon.colcon_core.package_identification:_identify(bme_gazebo_sensors) by extensions ['colcon_meta']
[0.176s] Level 1:colcon.colcon_core.package_identification:_identify(bme_gazebo_sensors) by extension 'colcon_meta'
[0.176s] Level 1:colcon.colcon_core.package_identification:_identify(bme_gazebo_sensors) by extensions ['ros']
[0.176s] Level 1:colcon.colcon_core.package_identification:_identify(bme_gazebo_sensors) by extension 'ros'
[0.178s] DEBUG:colcon.colcon_core.package_identification:Package 'bme_gazebo_sensors' with type 'ros.ament_cmake' and name 'bme_gazebo_sensors'
[0.179s] Level 1:colcon.colcon_core.package_identification:_identify(bme_gazebo_sensors_py) by extensions ['ignore', 'ignore_ament_install']
[0.179s] Level 1:colcon.colcon_core.package_identification:_identify(bme_gazebo_sensors_py) by extension 'ignore'
[0.179s] Level 1:colcon.colcon_core.package_identification:_identify(bme_gazebo_sensors_py) by extension 'ignore_ament_install'
[0.179s] Level 1:colcon.colcon_core.package_identification:_identify(bme_gazebo_sensors_py) by extensions ['colcon_pkg']
[0.179s] Level 1:colcon.colcon_core.package_identification:_identify(bme_gazebo_sensors_py) by extension 'colcon_pkg'
[0.179s] Level 1:colcon.colcon_core.package_identification:_identify(bme_gazebo_sensors_py) by extensions ['colcon_meta']
[0.179s] Level 1:colcon.colcon_core.package_identification:_identify(bme_gazebo_sensors_py) by extension 'colcon_meta'
[0.179s] Level 1:colcon.colcon_core.package_identification:_identify(bme_gazebo_sensors_py) by extensions ['ros']
[0.179s] Level 1:colcon.colcon_core.package_identification:_identify(bme_gazebo_sensors_py) by extension 'ros'
[0.179s] DEBUG:colcon.colcon_core.package_identification:Package 'bme_gazebo_sensors_py' with type 'ros.ament_python' and name 'bme_gazebo_sensors_py'
[0.179s] Level 1:colcon.colcon_core.package_identification:_identify(build) by extensions ['ignore', 'ignore_ament_install']
[0.179s] Level 1:colcon.colcon_core.package_identification:_identify(build) by extension 'ignore'
[0.179s] Level 1:colcon.colcon_core.package_identification:_identify(build) ignored
[0.180s] Level 1:colcon.colcon_core.package_identification:_identify(gazebo-11) by extensions ['ignore', 'ignore_ament_install']
[0.180s] Level 1:colcon.colcon_core.package_identification:_identify(gazebo-11) by extension 'ignore'
[0.180s] Level 1:colcon.colcon_core.package_identification:_identify(gazebo-11) by extension 'ignore_ament_install'
[0.180s] Level 1:colcon.colcon_core.package_identification:_identify(gazebo-11) by extensions ['colcon_pkg']
[0.180s] Level 1:colcon.colcon_core.package_identification:_identify(gazebo-11) by extension 'colcon_pkg'
[0.180s] Level 1:colcon.colcon_core.package_identification:_identify(gazebo-11) by extensions ['colcon_meta']
[0.180s] Level 1:colcon.colcon_core.package_identification:_identify(gazebo-11) by extension 'colcon_meta'
[0.180s] Level 1:colcon.colcon_core.package_identification:_identify(gazebo-11) by extensions ['ros']
[0.180s] Level 1:colcon.colcon_core.package_identification:_identify(gazebo-11) by extension 'ros'
[0.180s] Level 1:colcon.colcon_core.package_identification:_identify(gazebo-11) by extensions ['cmake', 'python']
[0.180s] Level 1:colcon.colcon_core.package_identification:_identify(gazebo-11) by extension 'cmake'
[0.180s] Level 1:colcon.colcon_core.package_identification:_identify(gazebo-11) by extension 'python'
[0.180s] Level 1:colcon.colcon_core.package_identification:_identify(gazebo-11) by extensions ['python_setup_py']
[0.180s] Level 1:colcon.colcon_core.package_identification:_identify(gazebo-11) by extension 'python_setup_py'
[0.180s] Level 1:colcon.colcon_core.package_identification:_identify(gazebo-11/models) by extensions ['ignore', 'ignore_ament_install']
[0.180s] Level 1:colcon.colcon_core.package_identification:_identify(gazebo-11/models) by extension 'ignore'
[0.180s] Level 1:colcon.colcon_core.package_identification:_identify(gazebo-11/models) by extension 'ignore_ament_install'
[0.180s] Level 1:colcon.colcon_core.package_identification:_identify(gazebo-11/models) by extensions ['colcon_pkg']
[0.180s] Level 1:colcon.colcon_core.package_identification:_identify(gazebo-11/models) by extension 'colcon_pkg'
[0.181s] Level 1:colcon.colcon_core.package_identification:_identify(gazebo-11/models) by extensions ['colcon_meta']
[0.181s] Level 1:colcon.colcon_core.package_identification:_identify(gazebo-11/models) by extension 'colcon_meta'
[0.181s] Level 1:colcon.colcon_core.package_identification:_identify(gazebo-11/models) by extensions ['ros']
[0.181s] Level 1:colcon.colcon_core.package_identification:_identify(gazebo-11/models) by extension 'ros'
[0.181s] Level 1:colcon.colcon_core.package_identification:_identify(gazebo-11/models) by extensions ['cmake', 'python']
[0.181s] Level 1:colcon.colcon_core.package_identification:_identify(gazebo-11/models) by extension 'cmake'
[0.191s] Level 1:colcon.colcon_core.package_identification:_identify(gazebo-11/models) by extension 'python'
[0.191s] DEBUG:colcon.colcon_core.package_identification:Package 'gazebo-11/models' with type 'cmake' and name 'gazebo_models'
[0.191s] Level 1:colcon.colcon_core.package_identification:_identify(install) by extensions ['ignore', 'ignore_ament_install']
[0.191s] Level 1:colcon.colcon_core.package_identification:_identify(install) by extension 'ignore'
[0.191s] Level 1:colcon.colcon_core.package_identification:_identify(install) ignored
[0.191s] Level 1:colcon.colcon_core.package_identification:_identify(log) by extensions ['ignore', 'ignore_ament_install']
[0.192s] Level 1:colcon.colcon_core.package_identification:_identify(log) by extension 'ignore'
[0.192s] Level 1:colcon.colcon_core.package_identification:_identify(log) ignored
[0.192s] Level 1:colcon.colcon_core.package_identification:_identify(mogi_trajectory_server) by extensions ['ignore', 'ignore_ament_install']
[0.192s] Level 1:colcon.colcon_core.package_identification:_identify(mogi_trajectory_server) by extension 'ignore'
[0.192s] Level 1:colcon.colcon_core.package_identification:_identify(mogi_trajectory_server) by extension 'ignore_ament_install'
[0.192s] Level 1:colcon.colcon_core.package_identification:_identify(mogi_trajectory_server) by extensions ['colcon_pkg']
[0.192s] Level 1:colcon.colcon_core.package_identification:_identify(mogi_trajectory_server) by extension 'colcon_pkg'
[0.192s] Level 1:colcon.colcon_core.package_identification:_identify(mogi_trajectory_server) by extensions ['colcon_meta']
[0.192s] Level 1:colcon.colcon_core.package_identification:_identify(mogi_trajectory_server) by extension 'colcon_meta'
[0.192s] Level 1:colcon.colcon_core.package_identification:_identify(mogi_trajectory_server) by extensions ['ros']
[0.192s] Level 1:colcon.colcon_core.package_identification:_identify(mogi_trajectory_server) by extension 'ros'
[0.192s] DEBUG:colcon.colcon_core.package_identification:Package 'mogi_trajectory_server' with type 'ros.ament_python' and name 'mogi_trajectory_server'
[0.192s] Level 1:colcon.colcon_core.package_identification:_identify(src) by extensions ['ignore', 'ignore_ament_install']
[0.192s] Level 1:colcon.colcon_core.package_identification:_identify(src) by extension 'ignore'
[0.193s] Level 1:colcon.colcon_core.package_identification:_identify(src) by extension 'ignore_ament_install'
[0.193s] Level 1:colcon.colcon_core.package_identification:_identify(src) by extensions ['colcon_pkg']
[0.193s] Level 1:colcon.colcon_core.package_identification:_identify(src) by extension 'colcon_pkg'
[0.193s] Level 1:colcon.colcon_core.package_identification:_identify(src) by extensions ['colcon_meta']
[0.193s] Level 1:colcon.colcon_core.package_identification:_identify(src) by extension 'colcon_meta'
[0.193s] Level 1:colcon.colcon_core.package_identification:_identify(src) by extensions ['ros']
[0.193s] Level 1:colcon.colcon_core.package_identification:_identify(src) by extension 'ros'
[0.193s] Level 1:colcon.colcon_core.package_identification:_identify(src) by extensions ['cmake', 'python']
[0.193s] Level 1:colcon.colcon_core.package_identification:_identify(src) by extension 'cmake'
[0.193s] Level 1:colcon.colcon_core.package_identification:_identify(src) by extension 'python'
[0.193s] Level 1:colcon.colcon_core.package_identification:_identify(src) by extensions ['python_setup_py']
[0.193s] Level 1:colcon.colcon_core.package_identification:_identify(src) by extension 'python_setup_py'
[0.193s] Level 1:colcon.colcon_core.package_identification:_identify(src/topic_tools) by extensions ['ignore', 'ignore_ament_install']
[0.193s] Level 1:colcon.colcon_core.package_identification:_identify(src/topic_tools) by extension 'ignore'
[0.193s] Level 1:colcon.colcon_core.package_identification:_identify(src/topic_tools) by extension 'ignore_ament_install'
[0.193s] Level 1:colcon.colcon_core.package_identification:_identify(src/topic_tools) by extensions ['colcon_pkg']
[0.193s] Level 1:colcon.colcon_core.package_identification:_identify(src/topic_tools) by extension 'colcon_pkg'
[0.193s] Level 1:colcon.colcon_core.package_identification:_identify(src/topic_tools) by extensions ['colcon_meta']
[0.193s] Level 1:colcon.colcon_core.package_identification:_identify(src/topic_tools) by extension 'colcon_meta'
[0.193s] Level 1:colcon.colcon_core.package_identification:_identify(src/topic_tools) by extensions ['ros']
[0.193s] Level 1:colcon.colcon_core.package_identification:_identify(src/topic_tools) by extension 'ros'
[0.193s] Level 1:colcon.colcon_core.package_identification:_identify(src/topic_tools) by extensions ['cmake', 'python']
[0.193s] Level 1:colcon.colcon_core.package_identification:_identify(src/topic_tools) by extension 'cmake'
[0.193s] Level 1:colcon.colcon_core.package_identification:_identify(src/topic_tools) by extension 'python'
[0.193s] Level 1:colcon.colcon_core.package_identification:_identify(src/topic_tools) by extensions ['python_setup_py']
[0.193s] Level 1:colcon.colcon_core.package_identification:_identify(src/topic_tools) by extension 'python_setup_py'
[0.193s] Level 1:colcon.colcon_core.package_identification:_identify(src/topic_tools/topic_tools) by extensions ['ignore', 'ignore_ament_install']
[0.194s] Level 1:colcon.colcon_core.package_identification:_identify(src/topic_tools/topic_tools) by extension 'ignore'
[0.194s] Level 1:colcon.colcon_core.package_identification:_identify(src/topic_tools/topic_tools) by extension 'ignore_ament_install'
[0.194s] Level 1:colcon.colcon_core.package_identification:_identify(src/topic_tools/topic_tools) by extensions ['colcon_pkg']
[0.194s] Level 1:colcon.colcon_core.package_identification:_identify(src/topic_tools/topic_tools) by extension 'colcon_pkg'
[0.194s] Level 1:colcon.colcon_core.package_identification:_identify(src/topic_tools/topic_tools) by extensions ['colcon_meta']
[0.194s] Level 1:colcon.colcon_core.package_identification:_identify(src/topic_tools/topic_tools) by extension 'colcon_meta'
[0.194s] Level 1:colcon.colcon_core.package_identification:_identify(src/topic_tools/topic_tools) by extensions ['ros']
[0.194s] Level 1:colcon.colcon_core.package_identification:_identify(src/topic_tools/topic_tools) by extension 'ros'
[0.195s] DEBUG:colcon.colcon_core.package_identification:Package 'src/topic_tools/topic_tools' with type 'ros.ament_cmake' and name 'topic_tools'
[0.195s] Level 1:colcon.colcon_core.package_identification:_identify(src/topic_tools/topic_tools_interfaces) by extensions ['ignore', 'ignore_ament_install']
[0.195s] Level 1:colcon.colcon_core.package_identification:_identify(src/topic_tools/topic_tools_interfaces) by extension 'ignore'
[0.195s] Level 1:colcon.colcon_core.package_identification:_identify(src/topic_tools/topic_tools_interfaces) by extension 'ignore_ament_install'
[0.195s] Level 1:colcon.colcon_core.package_identification:_identify(src/topic_tools/topic_tools_interfaces) by extensions ['colcon_pkg']
[0.195s] Level 1:colcon.colcon_core.package_identification:_identify(src/topic_tools/topic_tools_interfaces) by extension 'colcon_pkg'
[0.195s] Level 1:colcon.colcon_core.package_identification:_identify(src/topic_tools/topic_tools_interfaces) by extensions ['colcon_meta']
[0.195s] Level 1:colcon.colcon_core.package_identification:_identify(src/topic_tools/topic_tools_interfaces) by extension 'colcon_meta'
[0.195s] Level 1:colcon.colcon_core.package_identification:_identify(src/topic_tools/topic_tools_interfaces) by extensions ['ros']
[0.195s] Level 1:colcon.colcon_core.package_identification:_identify(src/topic_tools/topic_tools_interfaces) by extension 'ros'
[0.195s] DEBUG:colcon.colcon_core.package_identification:Package 'src/topic_tools/topic_tools_interfaces' with type 'ros.ament_cmake' and name 'topic_tools_interfaces'
[0.195s] Level 1:colcon.colcon_core.package_discovery:discover_packages(recursive) using defaults
[0.196s] Level 1:colcon.colcon_core.package_discovery:discover_packages(ignore) discover
[0.196s] Level 1:colcon.colcon_core.package_discovery:discover_packages(ignore) using defaults
[0.196s] Level 1:colcon.colcon_core.package_discovery:discover_packages(path) discover
[0.196s] Level 1:colcon.colcon_core.package_discovery:discover_packages(path) using defaults
[0.214s] INFO:colcon.colcon_core.package_selection:Skipping not selected package 'bme_gazebo_sensors' in 'bme_gazebo_sensors'
[0.214s] INFO:colcon.colcon_core.package_selection:Skipping not selected package 'bme_gazebo_sensors_py' in 'bme_gazebo_sensors_py'
[0.214s] INFO:colcon.colcon_core.package_selection:Skipping not selected package 'gazebo_models' in 'gazebo-11/models'
[0.214s] INFO:colcon.colcon_core.package_selection:Skipping not selected package 'mogi_trajectory_server' in 'mogi_trajectory_server'
[0.214s] Level 5:colcon.colcon_core.verb:set package 'topic_tools_interfaces' build argument 'cmake_args' from command line to 'None'
[0.214s] Level 5:colcon.colcon_core.verb:set package 'topic_tools_interfaces' build argument 'cmake_target' from command line to 'None'
[0.215s] Level 5:colcon.colcon_core.verb:set package 'topic_tools_interfaces' build argument 'cmake_target_skip_unavailable' from command line to 'False'
[0.215s] Level 5:colcon.colcon_core.verb:set package 'topic_tools_interfaces' build argument 'cmake_clean_cache' from command line to 'False'
[0.215s] Level 5:colcon.colcon_core.verb:set package 'topic_tools_interfaces' build argument 'cmake_clean_first' from command line to 'False'
[0.215s] Level 5:colcon.colcon_core.verb:set package 'topic_tools_interfaces' build argument 'cmake_force_configure' from command line to 'False'
[0.215s] Level 5:colcon.colcon_core.verb:set package 'topic_tools_interfaces' build argument 'ament_cmake_args' from command line to 'None'
[0.215s] Level 5:colcon.colcon_core.verb:set package 'topic_tools_interfaces' build argument 'catkin_cmake_args' from command line to 'None'
[0.215s] Level 5:colcon.colcon_core.verb:set package 'topic_tools_interfaces' build argument 'catkin_skip_building_tests' from command line to 'False'
[0.215s] DEBUG:colcon.colcon_core.verb:Building package 'topic_tools_interfaces' with the following arguments: {'ament_cmake_args': None, 'build_base': '/home/javierac/camera_gz/build/topic_tools_interfaces', 'catkin_cmake_args': None, 'catkin_skip_building_tests': False, 'cmake_args': None, 'cmake_clean_cache': False, 'cmake_clean_first': False, 'cmake_force_configure': False, 'cmake_target': None, 'cmake_target_skip_unavailable': False, 'install_base': '/home/javierac/camera_gz/install/topic_tools_interfaces', 'merge_install': False, 'path': '/home/javierac/camera_gz/src/topic_tools/topic_tools_interfaces', 'symlink_install': False, 'test_result_base': None}
[0.215s] Level 5:colcon.colcon_core.verb:set package 'topic_tools' build argument 'cmake_args' from command line to 'None'
[0.215s] Level 5:colcon.colcon_core.verb:set package 'topic_tools' build argument 'cmake_target' from command line to 'None'
[0.215s] Level 5:colcon.colcon_core.verb:set package 'topic_tools' build argument 'cmake_target_skip_unavailable' from command line to 'False'
[0.215s] Level 5:colcon.colcon_core.verb:set package 'topic_tools' build argument 'cmake_clean_cache' from command line to 'False'
[0.215s] Level 5:colcon.colcon_core.verb:set package 'topic_tools' build argument 'cmake_clean_first' from command line to 'False'
[0.215s] Level 5:colcon.colcon_core.verb:set package 'topic_tools' build argument 'cmake_force_configure' from command line to 'False'
[0.215s] Level 5:colcon.colcon_core.verb:set package 'topic_tools' build argument 'ament_cmake_args' from command line to 'None'
[0.215s] Level 5:colcon.colcon_core.verb:set package 'topic_tools' build argument 'catkin_cmake_args' from command line to 'None'
[0.215s] Level 5:colcon.colcon_core.verb:set package 'topic_tools' build argument 'catkin_skip_building_tests' from command line to 'False'
[0.215s] DEBUG:colcon.colcon_core.verb:Building package 'topic_tools' with the following arguments: {'ament_cmake_args': None, 'build_base': '/home/javierac/camera_gz/build/topic_tools', 'catkin_cmake_args': None, 'catkin_skip_building_tests': False, 'cmake_args': None, 'cmake_clean_cache': False, 'cmake_clean_first': False, 'cmake_force_configure': False, 'cmake_target': None, 'cmake_target_skip_unavailable': False, 'install_base': '/home/javierac/camera_gz/install/topic_tools', 'merge_install': False, 'path': '/home/javierac/camera_gz/src/topic_tools/topic_tools', 'symlink_install': False, 'test_result_base': None}
[0.215s] INFO:colcon.colcon_core.executor:Executing jobs using 'parallel' executor
[0.216s] DEBUG:colcon.colcon_parallel_executor.executor.parallel:run_until_complete
[0.216s] INFO:colcon.colcon_ros.task.ament_cmake.build:Building ROS package in '/home/javierac/camera_gz/src/topic_tools/topic_tools_interfaces' with build type 'ament_cmake'
[0.216s] INFO:colcon.colcon_cmake.task.cmake.build:Building CMake package in '/home/javierac/camera_gz/src/topic_tools/topic_tools_interfaces'
[0.219s] INFO:colcon.colcon_core.plugin_system:Skipping extension 'colcon_core.shell.bat': Not used on non-Windows systems
[0.219s] INFO:colcon.colcon_core.shell:Skip shell extension 'powershell' for command environment: Not usable outside of PowerShell
[0.219s] DEBUG:colcon.colcon_core.shell:Skip shell extension 'dsv' for command environment
[0.220s] WARNING:colcon.colcon_ros.prefix_path.ament:The path '/home/javierac/camera_gz/install/mogi_trajectory_server' in the environment variable AMENT_PREFIX_PATH doesn't exist
[0.220s] WARNING:colcon.colcon_ros.prefix_path.ament:The path '/home/javierac/camera_gz/install/bme_gazebo_sensors_py' in the environment variable AMENT_PREFIX_PATH doesn't exist
[0.220s] WARNING:colcon.colcon_ros.prefix_path.ament:The path '/home/javierac/camera_gz/install/bme_gazebo_sensors' in the environment variable AMENT_PREFIX_PATH doesn't exist
[0.220s] WARNING:colcon.colcon_ros.prefix_path.catkin:The path '/home/javierac/camera_gz/install/bme_gazebo_sensors' in the environment variable CMAKE_PREFIX_PATH doesn't exist
[0.231s] DEBUG:colcon.colcon_core.event_handler.log_command:Invoking command in '/home/javierac/camera_gz/build/topic_tools_interfaces': CMAKE_PREFIX_PATH=${CMAKE_PREFIX_PATH}:/home/javierac/camera_gz/install/mogi_trajectory_server:/home/javierac/camera_gz/install/bme_gazebo_sensors_py:/home/xarm_ws/install/uf_ros_lib:/opt/ros/jazzy /usr/bin/cmake /home/javierac/camera_gz/src/topic_tools/topic_tools_interfaces -DCMAKE_INSTALL_PREFIX=/home/javierac/camera_gz/install/topic_tools_interfaces
[3.874s] DEBUG:colcon.colcon_core.event_handler.log_command:Invoked command in '/home/javierac/camera_gz/build/topic_tools_interfaces' returned '0': CMAKE_PREFIX_PATH=${CMAKE_PREFIX_PATH}:/home/javierac/camera_gz/install/mogi_trajectory_server:/home/javierac/camera_gz/install/bme_gazebo_sensors_py:/home/xarm_ws/install/uf_ros_lib:/opt/ros/jazzy /usr/bin/cmake /home/javierac/camera_gz/src/topic_tools/topic_tools_interfaces -DCMAKE_INSTALL_PREFIX=/home/javierac/camera_gz/install/topic_tools_interfaces
[3.876s] DEBUG:colcon.colcon_core.event_handler.log_command:Invoking command in '/home/javierac/camera_gz/build/topic_tools_interfaces': CMAKE_PREFIX_PATH=${CMAKE_PREFIX_PATH}:/home/javierac/camera_gz/install/mogi_trajectory_server:/home/javierac/camera_gz/install/bme_gazebo_sensors_py:/home/xarm_ws/install/uf_ros_lib:/opt/ros/jazzy /usr/bin/cmake --build /home/javierac/camera_gz/build/topic_tools_interfaces -- -j20 -l20
[9.630s] DEBUG:colcon.colcon_core.event_handler.log_command:Invoked command in '/home/javierac/camera_gz/build/topic_tools_interfaces' returned '0': CMAKE_PREFIX_PATH=${CMAKE_PREFIX_PATH}:/home/javierac/camera_gz/install/mogi_trajectory_server:/home/javierac/camera_gz/install/bme_gazebo_sensors_py:/home/xarm_ws/install/uf_ros_lib:/opt/ros/jazzy /usr/bin/cmake --build /home/javierac/camera_gz/build/topic_tools_interfaces -- -j20 -l20
[9.643s] DEBUG:colcon.colcon_core.event_handler.log_command:Invoking command in '/home/javierac/camera_gz/build/topic_tools_interfaces': CMAKE_PREFIX_PATH=${CMAKE_PREFIX_PATH}:/home/javierac/camera_gz/install/mogi_trajectory_server:/home/javierac/camera_gz/install/bme_gazebo_sensors_py:/home/xarm_ws/install/uf_ros_lib:/opt/ros/jazzy /usr/bin/cmake --install /home/javierac/camera_gz/build/topic_tools_interfaces
[9.757s] Level 1:colcon.colcon_core.environment:create_environment_scripts_only(topic_tools_interfaces)
[9.758s] DEBUG:colcon.colcon_core.event_handler.log_command:Invoked command in '/home/javierac/camera_gz/build/topic_tools_interfaces' returned '0': CMAKE_PREFIX_PATH=${CMAKE_PREFIX_PATH}:/home/javierac/camera_gz/install/mogi_trajectory_server:/home/javierac/camera_gz/install/bme_gazebo_sensors_py:/home/xarm_ws/install/uf_ros_lib:/opt/ros/jazzy /usr/bin/cmake --install /home/javierac/camera_gz/build/topic_tools_interfaces
[9.760s] Level 1:colcon.colcon_core.environment:checking '/home/javierac/camera_gz/install/topic_tools_interfaces' for CMake module files
[9.760s] Level 1:colcon.colcon_core.environment:checking '/home/javierac/camera_gz/install/topic_tools_interfaces' for CMake config files
[9.760s] Level 1:colcon.colcon_core.shell:create_environment_hook('topic_tools_interfaces', 'cmake_prefix_path')
[9.761s] INFO:colcon.colcon_core.shell:Creating environment hook '/home/javierac/camera_gz/install/topic_tools_interfaces/share/topic_tools_interfaces/hook/cmake_prefix_path.ps1'
[9.761s] INFO:colcon.colcon_core.shell:Creating environment descriptor '/home/javierac/camera_gz/install/topic_tools_interfaces/share/topic_tools_interfaces/hook/cmake_prefix_path.dsv'
[9.761s] INFO:colcon.colcon_core.shell:Creating environment hook '/home/javierac/camera_gz/install/topic_tools_interfaces/share/topic_tools_interfaces/hook/cmake_prefix_path.sh'
[9.762s] Level 1:colcon.colcon_core.environment:checking '/home/javierac/camera_gz/install/topic_tools_interfaces/lib'
[9.762s] Level 1:colcon.colcon_core.shell:create_environment_hook('topic_tools_interfaces', 'ld_library_path_lib')
[9.762s] INFO:colcon.colcon_core.shell:Creating environment hook '/home/javierac/camera_gz/install/topic_tools_interfaces/share/topic_tools_interfaces/hook/ld_library_path_lib.ps1'
[9.763s] INFO:colcon.colcon_core.shell:Creating environment descriptor '/home/javierac/camera_gz/install/topic_tools_interfaces/share/topic_tools_interfaces/hook/ld_library_path_lib.dsv'
[9.763s] INFO:colcon.colcon_core.shell:Creating environment hook '/home/javierac/camera_gz/install/topic_tools_interfaces/share/topic_tools_interfaces/hook/ld_library_path_lib.sh'
[9.764s] Level 1:colcon.colcon_core.environment:checking '/home/javierac/camera_gz/install/topic_tools_interfaces/bin'
[9.764s] Level 1:colcon.colcon_core.environment:checking '/home/javierac/camera_gz/install/topic_tools_interfaces/lib/pkgconfig/topic_tools_interfaces.pc'
[9.766s] Level 1:colcon.colcon_core.environment:checking '/home/javierac/camera_gz/install/topic_tools_interfaces/lib/python3.12/site-packages'
[9.766s] Level 1:colcon.colcon_core.shell:create_environment_hook('topic_tools_interfaces', 'pythonpath')
[9.766s] INFO:colcon.colcon_core.shell:Creating environment hook '/home/javierac/camera_gz/install/topic_tools_interfaces/share/topic_tools_interfaces/hook/pythonpath.ps1'
[9.766s] INFO:colcon.colcon_core.shell:Creating environment descriptor '/home/javierac/camera_gz/install/topic_tools_interfaces/share/topic_tools_interfaces/hook/pythonpath.dsv'
[9.767s] INFO:colcon.colcon_core.shell:Creating environment hook '/home/javierac/camera_gz/install/topic_tools_interfaces/share/topic_tools_interfaces/hook/pythonpath.sh'
[9.767s] Level 1:colcon.colcon_core.environment:checking '/home/javierac/camera_gz/install/topic_tools_interfaces/bin'
[9.767s] INFO:colcon.colcon_core.shell:Creating package script '/home/javierac/camera_gz/install/topic_tools_interfaces/share/topic_tools_interfaces/package.ps1'
[9.768s] INFO:colcon.colcon_core.shell:Creating package descriptor '/home/javierac/camera_gz/install/topic_tools_interfaces/share/topic_tools_interfaces/package.dsv'
[9.769s] INFO:colcon.colcon_core.shell:Creating package script '/home/javierac/camera_gz/install/topic_tools_interfaces/share/topic_tools_interfaces/package.sh'
[9.769s] INFO:colcon.colcon_core.shell:Creating package script '/home/javierac/camera_gz/install/topic_tools_interfaces/share/topic_tools_interfaces/package.bash'
[9.770s] INFO:colcon.colcon_core.shell:Creating package script '/home/javierac/camera_gz/install/topic_tools_interfaces/share/topic_tools_interfaces/package.zsh'
[9.770s] Level 1:colcon.colcon_core.environment:create_file_with_runtime_dependencies(/home/javierac/camera_gz/install/topic_tools_interfaces/share/colcon-core/packages/topic_tools_interfaces)
[9.771s] Level 1:colcon.colcon_core.environment:create_environment_scripts_only(topic_tools_interfaces)
[9.771s] Level 1:colcon.colcon_core.environment:checking '/home/javierac/camera_gz/install/topic_tools_interfaces' for CMake module files
[9.771s] Level 1:colcon.colcon_core.environment:checking '/home/javierac/camera_gz/install/topic_tools_interfaces' for CMake config files
[9.771s] Level 1:colcon.colcon_core.shell:create_environment_hook('topic_tools_interfaces', 'cmake_prefix_path')
[9.772s] INFO:colcon.colcon_core.shell:Creating environment hook '/home/javierac/camera_gz/install/topic_tools_interfaces/share/topic_tools_interfaces/hook/cmake_prefix_path.ps1'
[9.772s] INFO:colcon.colcon_core.shell:Creating environment descriptor '/home/javierac/camera_gz/install/topic_tools_interfaces/share/topic_tools_interfaces/hook/cmake_prefix_path.dsv'
[9.772s] INFO:colcon.colcon_core.shell:Creating environment hook '/home/javierac/camera_gz/install/topic_tools_interfaces/share/topic_tools_interfaces/hook/cmake_prefix_path.sh'
[9.773s] Level 1:colcon.colcon_core.environment:checking '/home/javierac/camera_gz/install/topic_tools_interfaces/lib'
[9.773s] Level 1:colcon.colcon_core.shell:create_environment_hook('topic_tools_interfaces', 'ld_library_path_lib')
[9.773s] INFO:colcon.colcon_core.shell:Creating environment hook '/home/javierac/camera_gz/install/topic_tools_interfaces/share/topic_tools_interfaces/hook/ld_library_path_lib.ps1'
[9.773s] INFO:colcon.colcon_core.shell:Creating environment descriptor '/home/javierac/camera_gz/install/topic_tools_interfaces/share/topic_tools_interfaces/hook/ld_library_path_lib.dsv'
[9.773s] INFO:colcon.colcon_core.shell:Creating environment hook '/home/javierac/camera_gz/install/topic_tools_interfaces/share/topic_tools_interfaces/hook/ld_library_path_lib.sh'
[9.774s] Level 1:colcon.colcon_core.environment:checking '/home/javierac/camera_gz/install/topic_tools_interfaces/bin'
[9.774s] Level 1:colcon.colcon_core.environment:checking '/home/javierac/camera_gz/install/topic_tools_interfaces/lib/pkgconfig/topic_tools_interfaces.pc'
[9.774s] Level 1:colcon.colcon_core.environment:checking '/home/javierac/camera_gz/install/topic_tools_interfaces/lib/python3.12/site-packages'
[9.774s] Level 1:colcon.colcon_core.shell:create_environment_hook('topic_tools_interfaces', 'pythonpath')
[9.774s] INFO:colcon.colcon_core.shell:Creating environment hook '/home/javierac/camera_gz/install/topic_tools_interfaces/share/topic_tools_interfaces/hook/pythonpath.ps1'
[9.774s] INFO:colcon.colcon_core.shell:Creating environment descriptor '/home/javierac/camera_gz/install/topic_tools_interfaces/share/topic_tools_interfaces/hook/pythonpath.dsv'
[9.775s] INFO:colcon.colcon_core.shell:Creating environment hook '/home/javierac/camera_gz/install/topic_tools_interfaces/share/topic_tools_interfaces/hook/pythonpath.sh'
[9.775s] Level 1:colcon.colcon_core.environment:checking '/home/javierac/camera_gz/install/topic_tools_interfaces/bin'
[9.775s] INFO:colcon.colcon_core.shell:Creating package script '/home/javierac/camera_gz/install/topic_tools_interfaces/share/topic_tools_interfaces/package.ps1'
[9.776s] INFO:colcon.colcon_core.shell:Creating package descriptor '/home/javierac/camera_gz/install/topic_tools_interfaces/share/topic_tools_interfaces/package.dsv'
[9.776s] INFO:colcon.colcon_core.shell:Creating package script '/home/javierac/camera_gz/install/topic_tools_interfaces/share/topic_tools_interfaces/package.sh'
[9.777s] INFO:colcon.colcon_core.shell:Creating package script '/home/javierac/camera_gz/install/topic_tools_interfaces/share/topic_tools_interfaces/package.bash'
[9.777s] INFO:colcon.colcon_core.shell:Creating package script '/home/javierac/camera_gz/install/topic_tools_interfaces/share/topic_tools_interfaces/package.zsh'
[9.777s] Level 1:colcon.colcon_core.environment:create_file_with_runtime_dependencies(/home/javierac/camera_gz/install/topic_tools_interfaces/share/colcon-core/packages/topic_tools_interfaces)
[9.777s] INFO:colcon.colcon_ros.task.ament_cmake.build:Building ROS package in '/home/javierac/camera_gz/src/topic_tools/topic_tools' with build type 'ament_cmake'
[9.778s] INFO:colcon.colcon_cmake.task.cmake.build:Building CMake package in '/home/javierac/camera_gz/src/topic_tools/topic_tools'
[9.778s] INFO:colcon.colcon_core.shell:Skip shell extension 'powershell' for command environment: Not usable outside of PowerShell
[9.778s] DEBUG:colcon.colcon_core.shell:Skip shell extension 'dsv' for command environment
[9.793s] DEBUG:colcon.colcon_core.event_handler.log_command:Invoking command in '/home/javierac/camera_gz/build/topic_tools': AMENT_PREFIX_PATH=/home/javierac/camera_gz/install/topic_tools_interfaces:${AMENT_PREFIX_PATH} CMAKE_PREFIX_PATH=/home/javierac/camera_gz/install/topic_tools_interfaces:/home/javierac/camera_gz/install/bme_gazebo_sensors:/home/xarm_ws/install/xarm_planner:/home/xarm_ws/install/xarm_moveit_servo:/home/xarm_ws/install/xarm_moveit_config:/home/xarm_ws/install/xarm_gazebo:/home/xarm_ws/install/xarm_controller:/home/xarm_ws/install/xarm_api:/home/xarm_ws/install/xarm_sdk:/home/xarm_ws/install/xarm_msgs:/home/xarm_ws/install/xarm_description:/home/xarm_ws/install/mbot_demo:/home/xarm_ws/install/realsense_gazebo_plugin:/opt/ros/jazzy/opt/gz_sim_vendor:/opt/ros/jazzy/opt/gz_sensors_vendor:/opt/ros/jazzy/opt/gz_physics_vendor:/opt/ros/jazzy/opt/sdformat_vendor:/opt/ros/jazzy/opt/gz_gui_vendor:/opt/ros/jazzy/opt/gz_transport_vendor:/opt/ros/jazzy/opt/gz_rendering_vendor:/opt/ros/jazzy/opt/gz_plugin_vendor:/opt/ros/jazzy/opt/gz_fuel_tools_vendor:/opt/ros/jazzy/opt/gz_msgs_vendor:/opt/ros/jazzy/opt/gz_common_vendor:/opt/ros/jazzy/opt/gz_math_vendor:/opt/ros/jazzy/opt/gz_utils_vendor:/opt/ros/jazzy/opt/gz_tools_vendor:/opt/ros/jazzy/opt/gz_ogre_next_vendor:/opt/ros/jazzy/opt/gz_dartsim_vendor:/opt/ros/jazzy/opt/gz_cmake_vendor:/home/javierac/camera_gz/install/mogi_trajectory_server:/home/javierac/camera_gz/install/bme_gazebo_sensors_py:/home/xarm_ws/install/uf_ros_lib:/opt/ros/jazzy LD_LIBRARY_PATH=/home/javierac/camera_gz/install/topic_tools_interfaces/lib:${LD_LIBRARY_PATH} PYTHONPATH=/home/javierac/camera_gz/install/topic_tools_interfaces/lib/python3.12/site-packages:${PYTHONPATH} /usr/bin/cmake /home/javierac/camera_gz/src/topic_tools/topic_tools -DCMAKE_INSTALL_PREFIX=/home/javierac/camera_gz/install/topic_tools
[11.694s] DEBUG:colcon.colcon_core.event_handler.log_command:Invoked command in '/home/javierac/camera_gz/build/topic_tools' returned '0': AMENT_PREFIX_PATH=/home/javierac/camera_gz/install/topic_tools_interfaces:${AMENT_PREFIX_PATH} CMAKE_PREFIX_PATH=/home/javierac/camera_gz/install/topic_tools_interfaces:/home/javierac/camera_gz/install/bme_gazebo_sensors:/home/xarm_ws/install/xarm_planner:/home/xarm_ws/install/xarm_moveit_servo:/home/xarm_ws/install/xarm_moveit_config:/home/xarm_ws/install/xarm_gazebo:/home/xarm_ws/install/xarm_controller:/home/xarm_ws/install/xarm_api:/home/xarm_ws/install/xarm_sdk:/home/xarm_ws/install/xarm_msgs:/home/xarm_ws/install/xarm_description:/home/xarm_ws/install/mbot_demo:/home/xarm_ws/install/realsense_gazebo_plugin:/opt/ros/jazzy/opt/gz_sim_vendor:/opt/ros/jazzy/opt/gz_sensors_vendor:/opt/ros/jazzy/opt/gz_physics_vendor:/opt/ros/jazzy/opt/sdformat_vendor:/opt/ros/jazzy/opt/gz_gui_vendor:/opt/ros/jazzy/opt/gz_transport_vendor:/opt/ros/jazzy/opt/gz_rendering_vendor:/opt/ros/jazzy/opt/gz_plugin_vendor:/opt/ros/jazzy/opt/gz_fuel_tools_vendor:/opt/ros/jazzy/opt/gz_msgs_vendor:/opt/ros/jazzy/opt/gz_common_vendor:/opt/ros/jazzy/opt/gz_math_vendor:/opt/ros/jazzy/opt/gz_utils_vendor:/opt/ros/jazzy/opt/gz_tools_vendor:/opt/ros/jazzy/opt/gz_ogre_next_vendor:/opt/ros/jazzy/opt/gz_dartsim_vendor:/opt/ros/jazzy/opt/gz_cmake_vendor:/home/javierac/camera_gz/install/mogi_trajectory_server:/home/javierac/camera_gz/install/bme_gazebo_sensors_py:/home/xarm_ws/install/uf_ros_lib:/opt/ros/jazzy LD_LIBRARY_PATH=/home/javierac/camera_gz/install/topic_tools_interfaces/lib:${LD_LIBRARY_PATH} PYTHONPATH=/home/javierac/camera_gz/install/topic_tools_interfaces/lib/python3.12/site-packages:${PYTHONPATH} /usr/bin/cmake /home/javierac/camera_gz/src/topic_tools/topic_tools -DCMAKE_INSTALL_PREFIX=/home/javierac/camera_gz/install/topic_tools
[11.694s] DEBUG:colcon.colcon_core.event_handler.log_command:Invoking command in '/home/javierac/camera_gz/build/topic_tools': AMENT_PREFIX_PATH=/home/javierac/camera_gz/install/topic_tools_interfaces:${AMENT_PREFIX_PATH} CMAKE_PREFIX_PATH=/home/javierac/camera_gz/install/topic_tools_interfaces:/home/javierac/camera_gz/install/bme_gazebo_sensors:/home/xarm_ws/install/xarm_planner:/home/xarm_ws/install/xarm_moveit_servo:/home/xarm_ws/install/xarm_moveit_config:/home/xarm_ws/install/xarm_gazebo:/home/xarm_ws/install/xarm_controller:/home/xarm_ws/install/xarm_api:/home/xarm_ws/install/xarm_sdk:/home/xarm_ws/install/xarm_msgs:/home/xarm_ws/install/xarm_description:/home/xarm_ws/install/mbot_demo:/home/xarm_ws/install/realsense_gazebo_plugin:/opt/ros/jazzy/opt/gz_sim_vendor:/opt/ros/jazzy/opt/gz_sensors_vendor:/opt/ros/jazzy/opt/gz_physics_vendor:/opt/ros/jazzy/opt/sdformat_vendor:/opt/ros/jazzy/opt/gz_gui_vendor:/opt/ros/jazzy/opt/gz_transport_vendor:/opt/ros/jazzy/opt/gz_rendering_vendor:/opt/ros/jazzy/opt/gz_plugin_vendor:/opt/ros/jazzy/opt/gz_fuel_tools_vendor:/opt/ros/jazzy/opt/gz_msgs_vendor:/opt/ros/jazzy/opt/gz_common_vendor:/opt/ros/jazzy/opt/gz_math_vendor:/opt/ros/jazzy/opt/gz_utils_vendor:/opt/ros/jazzy/opt/gz_tools_vendor:/opt/ros/jazzy/opt/gz_ogre_next_vendor:/opt/ros/jazzy/opt/gz_dartsim_vendor:/opt/ros/jazzy/opt/gz_cmake_vendor:/home/javierac/camera_gz/install/mogi_trajectory_server:/home/javierac/camera_gz/install/bme_gazebo_sensors_py:/home/xarm_ws/install/uf_ros_lib:/opt/ros/jazzy LD_LIBRARY_PATH=/home/javierac/camera_gz/install/topic_tools_interfaces/lib:${LD_LIBRARY_PATH} PYTHONPATH=/home/javierac/camera_gz/install/topic_tools_interfaces/lib/python3.12/site-packages:${PYTHONPATH} /usr/bin/cmake --build /home/javierac/camera_gz/build/topic_tools -- -j20 -l20
[31.976s] DEBUG:colcon.colcon_core.event_handler.log_command:Invoked command in '/home/javierac/camera_gz/build/topic_tools' returned '0': AMENT_PREFIX_PATH=/home/javierac/camera_gz/install/topic_tools_interfaces:${AMENT_PREFIX_PATH} CMAKE_PREFIX_PATH=/home/javierac/camera_gz/install/topic_tools_interfaces:/home/javierac/camera_gz/install/bme_gazebo_sensors:/home/xarm_ws/install/xarm_planner:/home/xarm_ws/install/xarm_moveit_servo:/home/xarm_ws/install/xarm_moveit_config:/home/xarm_ws/install/xarm_gazebo:/home/xarm_ws/install/xarm_controller:/home/xarm_ws/install/xarm_api:/home/xarm_ws/install/xarm_sdk:/home/xarm_ws/install/xarm_msgs:/home/xarm_ws/install/xarm_description:/home/xarm_ws/install/mbot_demo:/home/xarm_ws/install/realsense_gazebo_plugin:/opt/ros/jazzy/opt/gz_sim_vendor:/opt/ros/jazzy/opt/gz_sensors_vendor:/opt/ros/jazzy/opt/gz_physics_vendor:/opt/ros/jazzy/opt/sdformat_vendor:/opt/ros/jazzy/opt/gz_gui_vendor:/opt/ros/jazzy/opt/gz_transport_vendor:/opt/ros/jazzy/opt/gz_rendering_vendor:/opt/ros/jazzy/opt/gz_plugin_vendor:/opt/ros/jazzy/opt/gz_fuel_tools_vendor:/opt/ros/jazzy/opt/gz_msgs_vendor:/opt/ros/jazzy/opt/gz_common_vendor:/opt/ros/jazzy/opt/gz_math_vendor:/opt/ros/jazzy/opt/gz_utils_vendor:/opt/ros/jazzy/opt/gz_tools_vendor:/opt/ros/jazzy/opt/gz_ogre_next_vendor:/opt/ros/jazzy/opt/gz_dartsim_vendor:/opt/ros/jazzy/opt/gz_cmake_vendor:/home/javierac/camera_gz/install/mogi_trajectory_server:/home/javierac/camera_gz/install/bme_gazebo_sensors_py:/home/xarm_ws/install/uf_ros_lib:/opt/ros/jazzy LD_LIBRARY_PATH=/home/javierac/camera_gz/install/topic_tools_interfaces/lib:${LD_LIBRARY_PATH} PYTHONPATH=/home/javierac/camera_gz/install/topic_tools_interfaces/lib/python3.12/site-packages:${PYTHONPATH} /usr/bin/cmake --build /home/javierac/camera_gz/build/topic_tools -- -j20 -l20
[31.977s] DEBUG:colcon.colcon_core.event_handler.log_command:Invoking command in '/home/javierac/camera_gz/build/topic_tools': AMENT_PREFIX_PATH=/home/javierac/camera_gz/install/topic_tools_interfaces:${AMENT_PREFIX_PATH} CMAKE_PREFIX_PATH=/home/javierac/camera_gz/install/topic_tools_interfaces:/home/javierac/camera_gz/install/bme_gazebo_sensors:/home/xarm_ws/install/xarm_planner:/home/xarm_ws/install/xarm_moveit_servo:/home/xarm_ws/install/xarm_moveit_config:/home/xarm_ws/install/xarm_gazebo:/home/xarm_ws/install/xarm_controller:/home/xarm_ws/install/xarm_api:/home/xarm_ws/install/xarm_sdk:/home/xarm_ws/install/xarm_msgs:/home/xarm_ws/install/xarm_description:/home/xarm_ws/install/mbot_demo:/home/xarm_ws/install/realsense_gazebo_plugin:/opt/ros/jazzy/opt/gz_sim_vendor:/opt/ros/jazzy/opt/gz_sensors_vendor:/opt/ros/jazzy/opt/gz_physics_vendor:/opt/ros/jazzy/opt/sdformat_vendor:/opt/ros/jazzy/opt/gz_gui_vendor:/opt/ros/jazzy/opt/gz_transport_vendor:/opt/ros/jazzy/opt/gz_rendering_vendor:/opt/ros/jazzy/opt/gz_plugin_vendor:/opt/ros/jazzy/opt/gz_fuel_tools_vendor:/opt/ros/jazzy/opt/gz_msgs_vendor:/opt/ros/jazzy/opt/gz_common_vendor:/opt/ros/jazzy/opt/gz_math_vendor:/opt/ros/jazzy/opt/gz_utils_vendor:/opt/ros/jazzy/opt/gz_tools_vendor:/opt/ros/jazzy/opt/gz_ogre_next_vendor:/opt/ros/jazzy/opt/gz_dartsim_vendor:/opt/ros/jazzy/opt/gz_cmake_vendor:/home/javierac/camera_gz/install/mogi_trajectory_server:/home/javierac/camera_gz/install/bme_gazebo_sensors_py:/home/xarm_ws/install/uf_ros_lib:/opt/ros/jazzy LD_LIBRARY_PATH=/home/javierac/camera_gz/install/topic_tools_interfaces/lib:${LD_LIBRARY_PATH} PYTHONPATH=/home/javierac/camera_gz/install/topic_tools_interfaces/lib/python3.12/site-packages:${PYTHONPATH} /usr/bin/cmake --install /home/javierac/camera_gz/build/topic_tools
[32.052s] Level 1:colcon.colcon_core.environment:create_environment_scripts_only(topic_tools)
[32.052s] DEBUG:colcon.colcon_core.event_handler.log_command:Invoked command in '/home/javierac/camera_gz/build/topic_tools' returned '0': AMENT_PREFIX_PATH=/home/javierac/camera_gz/install/topic_tools_interfaces:${AMENT_PREFIX_PATH} CMAKE_PREFIX_PATH=/home/javierac/camera_gz/install/topic_tools_interfaces:/home/javierac/camera_gz/install/bme_gazebo_sensors:/home/xarm_ws/install/xarm_planner:/home/xarm_ws/install/xarm_moveit_servo:/home/xarm_ws/install/xarm_moveit_config:/home/xarm_ws/install/xarm_gazebo:/home/xarm_ws/install/xarm_controller:/home/xarm_ws/install/xarm_api:/home/xarm_ws/install/xarm_sdk:/home/xarm_ws/install/xarm_msgs:/home/xarm_ws/install/xarm_description:/home/xarm_ws/install/mbot_demo:/home/xarm_ws/install/realsense_gazebo_plugin:/opt/ros/jazzy/opt/gz_sim_vendor:/opt/ros/jazzy/opt/gz_sensors_vendor:/opt/ros/jazzy/opt/gz_physics_vendor:/opt/ros/jazzy/opt/sdformat_vendor:/opt/ros/jazzy/opt/gz_gui_vendor:/opt/ros/jazzy/opt/gz_transport_vendor:/opt/ros/jazzy/opt/gz_rendering_vendor:/opt/ros/jazzy/opt/gz_plugin_vendor:/opt/ros/jazzy/opt/gz_fuel_tools_vendor:/opt/ros/jazzy/opt/gz_msgs_vendor:/opt/ros/jazzy/opt/gz_common_vendor:/opt/ros/jazzy/opt/gz_math_vendor:/opt/ros/jazzy/opt/gz_utils_vendor:/opt/ros/jazzy/opt/gz_tools_vendor:/opt/ros/jazzy/opt/gz_ogre_next_vendor:/opt/ros/jazzy/opt/gz_dartsim_vendor:/opt/ros/jazzy/opt/gz_cmake_vendor:/home/javierac/camera_gz/install/mogi_trajectory_server:/home/javierac/camera_gz/install/bme_gazebo_sensors_py:/home/xarm_ws/install/uf_ros_lib:/opt/ros/jazzy LD_LIBRARY_PATH=/home/javierac/camera_gz/install/topic_tools_interfaces/lib:${LD_LIBRARY_PATH} PYTHONPATH=/home/javierac/camera_gz/install/topic_tools_interfaces/lib/python3.12/site-packages:${PYTHONPATH} /usr/bin/cmake --install /home/javierac/camera_gz/build/topic_tools
[32.052s] Level 1:colcon.colcon_core.environment:checking '/home/javierac/camera_gz/install/topic_tools' for CMake module files
[32.053s] Level 1:colcon.colcon_core.environment:checking '/home/javierac/camera_gz/install/topic_tools' for CMake config files
[32.053s] Level 1:colcon.colcon_core.shell:create_environment_hook('topic_tools', 'cmake_prefix_path')
[32.053s] INFO:colcon.colcon_core.shell:Creating environment hook '/home/javierac/camera_gz/install/topic_tools/share/topic_tools/hook/cmake_prefix_path.ps1'
[32.053s] INFO:colcon.colcon_core.shell:Creating environment descriptor '/home/javierac/camera_gz/install/topic_tools/share/topic_tools/hook/cmake_prefix_path.dsv'
[32.054s] INFO:colcon.colcon_core.shell:Creating environment hook '/home/javierac/camera_gz/install/topic_tools/share/topic_tools/hook/cmake_prefix_path.sh'
[32.054s] Level 1:colcon.colcon_core.environment:checking '/home/javierac/camera_gz/install/topic_tools/lib'
[32.054s] Level 1:colcon.colcon_core.shell:create_environment_hook('topic_tools', 'ld_library_path_lib')
[32.054s] INFO:colcon.colcon_core.shell:Creating environment hook '/home/javierac/camera_gz/install/topic_tools/share/topic_tools/hook/ld_library_path_lib.ps1'
[32.055s] INFO:colcon.colcon_core.shell:Creating environment descriptor '/home/javierac/camera_gz/install/topic_tools/share/topic_tools/hook/ld_library_path_lib.dsv'
[32.055s] INFO:colcon.colcon_core.shell:Creating environment hook '/home/javierac/camera_gz/install/topic_tools/share/topic_tools/hook/ld_library_path_lib.sh'
[32.055s] Level 1:colcon.colcon_core.environment:checking '/home/javierac/camera_gz/install/topic_tools/bin'
[32.055s] Level 1:colcon.colcon_core.environment:checking '/home/javierac/camera_gz/install/topic_tools/lib/pkgconfig/topic_tools.pc'
[32.055s] Level 1:colcon.colcon_core.environment:checking '/home/javierac/camera_gz/install/topic_tools/lib/python3.12/site-packages'
[32.055s] Level 1:colcon.colcon_core.shell:create_environment_hook('topic_tools', 'pythonpath')
[32.056s] INFO:colcon.colcon_core.shell:Creating environment hook '/home/javierac/camera_gz/install/topic_tools/share/topic_tools/hook/pythonpath.ps1'
[32.056s] INFO:colcon.colcon_core.shell:Creating environment descriptor '/home/javierac/camera_gz/install/topic_tools/share/topic_tools/hook/pythonpath.dsv'
[32.056s] INFO:colcon.colcon_core.shell:Creating environment hook '/home/javierac/camera_gz/install/topic_tools/share/topic_tools/hook/pythonpath.sh'
[32.057s] Level 1:colcon.colcon_core.environment:checking '/home/javierac/camera_gz/install/topic_tools/bin'
[32.057s] INFO:colcon.colcon_core.shell:Creating package script '/home/javierac/camera_gz/install/topic_tools/share/topic_tools/package.ps1'
[32.057s] INFO:colcon.colcon_core.shell:Creating package descriptor '/home/javierac/camera_gz/install/topic_tools/share/topic_tools/package.dsv'
[32.058s] INFO:colcon.colcon_core.shell:Creating package script '/home/javierac/camera_gz/install/topic_tools/share/topic_tools/package.sh'
[32.058s] INFO:colcon.colcon_core.shell:Creating package script '/home/javierac/camera_gz/install/topic_tools/share/topic_tools/package.bash'
[32.058s] INFO:colcon.colcon_core.shell:Creating package script '/home/javierac/camera_gz/install/topic_tools/share/topic_tools/package.zsh'
[32.058s] Level 1:colcon.colcon_core.environment:create_file_with_runtime_dependencies(/home/javierac/camera_gz/install/topic_tools/share/colcon-core/packages/topic_tools)
[32.059s] Level 1:colcon.colcon_core.environment:create_environment_scripts_only(topic_tools)
[32.059s] Level 1:colcon.colcon_core.environment:checking '/home/javierac/camera_gz/install/topic_tools' for CMake module files
[32.060s] Level 1:colcon.colcon_core.environment:checking '/home/javierac/camera_gz/install/topic_tools' for CMake config files
[32.060s] Level 1:colcon.colcon_core.shell:create_environment_hook('topic_tools', 'cmake_prefix_path')
[32.060s] INFO:colcon.colcon_core.shell:Creating environment hook '/home/javierac/camera_gz/install/topic_tools/share/topic_tools/hook/cmake_prefix_path.ps1'
[32.060s] INFO:colcon.colcon_core.shell:Creating environment descriptor '/home/javierac/camera_gz/install/topic_tools/share/topic_tools/hook/cmake_prefix_path.dsv'
[32.060s] INFO:colcon.colcon_core.shell:Creating environment hook '/home/javierac/camera_gz/install/topic_tools/share/topic_tools/hook/cmake_prefix_path.sh'
[32.061s] Level 1:colcon.colcon_core.environment:checking '/home/javierac/camera_gz/install/topic_tools/lib'
[32.061s] Level 1:colcon.colcon_core.shell:create_environment_hook('topic_tools', 'ld_library_path_lib')
[32.061s] INFO:colcon.colcon_core.shell:Creating environment hook '/home/javierac/camera_gz/install/topic_tools/share/topic_tools/hook/ld_library_path_lib.ps1'
[32.061s] INFO:colcon.colcon_core.shell:Creating environment descriptor '/home/javierac/camera_gz/install/topic_tools/share/topic_tools/hook/ld_library_path_lib.dsv'
[32.062s] INFO:colcon.colcon_core.shell:Creating environment hook '/home/javierac/camera_gz/install/topic_tools/share/topic_tools/hook/ld_library_path_lib.sh'
[32.062s] Level 1:colcon.colcon_core.environment:checking '/home/javierac/camera_gz/install/topic_tools/bin'
[32.062s] Level 1:colcon.colcon_core.environment:checking '/home/javierac/camera_gz/install/topic_tools/lib/pkgconfig/topic_tools.pc'
[32.062s] Level 1:colcon.colcon_core.environment:checking '/home/javierac/camera_gz/install/topic_tools/lib/python3.12/site-packages'
[32.062s] Level 1:colcon.colcon_core.shell:create_environment_hook('topic_tools', 'pythonpath')
[32.062s] INFO:colcon.colcon_core.shell:Creating environment hook '/home/javierac/camera_gz/install/topic_tools/share/topic_tools/hook/pythonpath.ps1'
[32.063s] INFO:colcon.colcon_core.shell:Creating environment descriptor '/home/javierac/camera_gz/install/topic_tools/share/topic_tools/hook/pythonpath.dsv'
[32.063s] INFO:colcon.colcon_core.shell:Creating environment hook '/home/javierac/camera_gz/install/topic_tools/share/topic_tools/hook/pythonpath.sh'
[32.063s] Level 1:colcon.colcon_core.environment:checking '/home/javierac/camera_gz/install/topic_tools/bin'
[32.064s] INFO:colcon.colcon_core.shell:Creating package script '/home/javierac/camera_gz/install/topic_tools/share/topic_tools/package.ps1'
[32.064s] INFO:colcon.colcon_core.shell:Creating package descriptor '/home/javierac/camera_gz/install/topic_tools/share/topic_tools/package.dsv'
[32.065s] INFO:colcon.colcon_core.shell:Creating package script '/home/javierac/camera_gz/install/topic_tools/share/topic_tools/package.sh'
[32.065s] INFO:colcon.colcon_core.shell:Creating package script '/home/javierac/camera_gz/install/topic_tools/share/topic_tools/package.bash'
[32.065s] INFO:colcon.colcon_core.shell:Creating package script '/home/javierac/camera_gz/install/topic_tools/share/topic_tools/package.zsh'
[32.066s] Level 1:colcon.colcon_core.environment:create_file_with_runtime_dependencies(/home/javierac/camera_gz/install/topic_tools/share/colcon-core/packages/topic_tools)
[32.066s] DEBUG:colcon.colcon_parallel_executor.executor.parallel:closing loop
[32.066s] DEBUG:colcon.colcon_parallel_executor.executor.parallel:loop closed
[32.066s] DEBUG:colcon.colcon_parallel_executor.executor.parallel:run_until_complete finished with '0'
[32.066s] DEBUG:colcon.colcon_core.event_reactor:joining thread
[32.071s] INFO:colcon.colcon_core.plugin_system:Skipping extension 'colcon_notification.desktop_notification.notify_send': Could not find 'notify-send'
[32.072s] INFO:colcon.colcon_core.plugin_system:Skipping extension 'colcon_notification.desktop_notification.terminal_notifier': Not used on non-Darwin systems
[32.072s] INFO:colcon.colcon_core.plugin_system:Skipping extension 'colcon_notification.desktop_notification.win32': Not used on non-Windows systems
[32.072s] INFO:colcon.colcon_notification.desktop_notification:Sending desktop notification using 'notify2'
[32.074s] DEBUG:colcon.colcon_notification.desktop_notification.notify2:Failed to initialize notify2: org.freedesktop.DBus.Error.Spawn.ExecFailed: /usr/bin/dbus-launch terminated abnormally without any error message
[32.075s] DEBUG:colcon.colcon_core.event_reactor:joined thread
[32.075s] INFO:colcon.colcon_core.shell:Creating prefix script '/home/javierac/camera_gz/install/local_setup.ps1'
[32.076s] INFO:colcon.colcon_core.shell:Creating prefix util module '/home/javierac/camera_gz/install/_local_setup_util_ps1.py'
[32.077s] INFO:colcon.colcon_core.shell:Creating prefix chain script '/home/javierac/camera_gz/install/setup.ps1'
[32.078s] INFO:colcon.colcon_core.shell:Creating prefix script '/home/javierac/camera_gz/install/local_setup.sh'
[32.078s] INFO:colcon.colcon_core.shell:Creating prefix util module '/home/javierac/camera_gz/install/_local_setup_util_sh.py'
[32.079s] INFO:colcon.colcon_core.shell:Creating prefix chain script '/home/javierac/camera_gz/install/setup.sh'
[32.080s] INFO:colcon.colcon_core.shell:Creating prefix script '/home/javierac/camera_gz/install/local_setup.bash'
[32.081s] INFO:colcon.colcon_core.shell:Creating prefix chain script '/home/javierac/camera_gz/install/setup.bash'
[32.082s] INFO:colcon.colcon_core.shell:Creating prefix script '/home/javierac/camera_gz/install/local_setup.zsh'
[32.082s] INFO:colcon.colcon_core.shell:Creating prefix chain script '/home/javierac/camera_gz/install/setup.zsh'
