[0.024s] Invoking command in '/home/javierac/camera_gz/build/bme_gazebo_sensors': CMAKE_PREFIX_PATH=${CMAKE_PREFIX_PATH}:/home/javierac/camera_gz/install/mogi_trajectory_server:/home/javierac/camera_gz/install/bme_gazebo_sensors_py:/home/xarm_ws/install/uf_ros_lib:/opt/ros/jazzy /usr/bin/cmake /home/javierac/camera_gz/bme_gazebo_sensors -DCMAKE_INSTALL_PREFIX=/home/javierac/camera_gz/install/bme_gazebo_sensors
[0.259s] -- The C compiler identification is GNU 13.3.0
[0.259s] -- The CXX compiler identification is GNU 13.3.0
[0.259s] -- Detecting C compiler ABI info
[0.324s] -- Detecting C compiler ABI info - done
[0.334s] -- Check for working C compiler: /usr/bin/cc - skipped
[0.334s] -- Detecting C compile features
[0.335s] -- Detecting C compile features - done
[0.349s] -- Detecting CXX compiler ABI info
[0.475s] -- Detecting CXX compiler ABI info - done
[0.484s] -- Check for working CXX compiler: /usr/bin/c++ - skipped
[0.485s] -- Detecting CXX compile features
[0.486s] -- Detecting CXX compile features - done
[0.492s] -- Found ament_cmake: 2.5.4 (/opt/ros/jazzy/share/ament_cmake/cmake)
[0.704s] -- Found Python3: /usr/bin/python3 (found version "3.12.3") found components: Interpreter 
[0.873s] -- Found ament_lint_auto: 0.17.2 (/opt/ros/jazzy/share/ament_lint_auto/cmake)
[1.014s] -- Added test 'flake8' to check Python code syntax and style conventions
[1.014s] -- Configured 'flake8' exclude dirs and/or files: 
[1.015s] -- Added test 'lint_cmake' to check CMake code style
[1.017s] -- Added test 'pep257' to check Python code against some of the docstring style conventions in PEP 257
[1.019s] -- Added test 'xmllint' to check XML markup files
[1.021s] -- Configuring done (1.0s)
[1.025s] -- Generating done (0.0s)
[1.026s] -- Build files have been written to: /home/javierac/camera_gz/build/bme_gazebo_sensors
[1.030s] Invoked command in '/home/javierac/camera_gz/build/bme_gazebo_sensors' returned '0': CMAKE_PREFIX_PATH=${CMAKE_PREFIX_PATH}:/home/javierac/camera_gz/install/mogi_trajectory_server:/home/javierac/camera_gz/install/bme_gazebo_sensors_py:/home/xarm_ws/install/uf_ros_lib:/opt/ros/jazzy /usr/bin/cmake /home/javierac/camera_gz/bme_gazebo_sensors -DCMAKE_INSTALL_PREFIX=/home/javierac/camera_gz/install/bme_gazebo_sensors
[1.032s] Invoking command in '/home/javierac/camera_gz/build/bme_gazebo_sensors': CMAKE_PREFIX_PATH=${CMAKE_PREFIX_PATH}:/home/javierac/camera_gz/install/mogi_trajectory_server:/home/javierac/camera_gz/install/bme_gazebo_sensors_py:/home/xarm_ws/install/uf_ros_lib:/opt/ros/jazzy /usr/bin/cmake --build /home/javierac/camera_gz/build/bme_gazebo_sensors -- -j20 -l20
[1.092s] Invoked command in '/home/javierac/camera_gz/build/bme_gazebo_sensors' returned '0': CMAKE_PREFIX_PATH=${CMAKE_PREFIX_PATH}:/home/javierac/camera_gz/install/mogi_trajectory_server:/home/javierac/camera_gz/install/bme_gazebo_sensors_py:/home/xarm_ws/install/uf_ros_lib:/opt/ros/jazzy /usr/bin/cmake --build /home/javierac/camera_gz/build/bme_gazebo_sensors -- -j20 -l20
[1.102s] Invoking command in '/home/javierac/camera_gz/build/bme_gazebo_sensors': CMAKE_PREFIX_PATH=${CMAKE_PREFIX_PATH}:/home/javierac/camera_gz/install/mogi_trajectory_server:/home/javierac/camera_gz/install/bme_gazebo_sensors_py:/home/xarm_ws/install/uf_ros_lib:/opt/ros/jazzy /usr/bin/cmake --install /home/javierac/camera_gz/build/bme_gazebo_sensors
[1.116s] -- Install configuration: ""
[1.116s] -- Installing: /home/javierac/camera_gz/install/bme_gazebo_sensors/share/bme_gazebo_sensors/launch
[1.116s] -- Installing: /home/javierac/camera_gz/install/bme_gazebo_sensors/share/bme_gazebo_sensors/launch/world.launch.py
[1.116s] -- Installing: /home/javierac/camera_gz/install/bme_gazebo_sensors/share/bme_gazebo_sensors/launch/check_urdf.launch.py
[1.116s] -- Installing: /home/javierac/camera_gz/install/bme_gazebo_sensors/share/bme_gazebo_sensors/launch/spawn_robot.launch.py
[1.116s] -- Installing: /home/javierac/camera_gz/install/bme_gazebo_sensors/share/bme_gazebo_sensors/worlds
[1.116s] -- Installing: /home/javierac/camera_gz/install/bme_gazebo_sensors/share/bme_gazebo_sensors/worlds/home.sdf
[1.116s] -- Installing: /home/javierac/camera_gz/install/bme_gazebo_sensors/share/bme_gazebo_sensors/worlds/world.sdf
[1.116s] -- Installing: /home/javierac/camera_gz/install/bme_gazebo_sensors/share/bme_gazebo_sensors/worlds/empty.sdf
[1.117s] -- Installing: /home/javierac/camera_gz/install/bme_gazebo_sensors/share/bme_gazebo_sensors/rviz
[1.117s] -- Installing: /home/javierac/camera_gz/install/bme_gazebo_sensors/share/bme_gazebo_sensors/rviz/urdf.rviz
[1.117s] -- Installing: /home/javierac/camera_gz/install/bme_gazebo_sensors/share/bme_gazebo_sensors/rviz/rviz.rviz
[1.117s] -- Installing: /home/javierac/camera_gz/install/bme_gazebo_sensors/share/bme_gazebo_sensors/rviz/gps.rviz
[1.117s] -- Installing: /home/javierac/camera_gz/install/bme_gazebo_sensors/share/bme_gazebo_sensors/urdf
[1.117s] -- Installing: /home/javierac/camera_gz/install/bme_gazebo_sensors/share/bme_gazebo_sensors/urdf/mogi_bot.urdf
[1.117s] -- Installing: /home/javierac/camera_gz/install/bme_gazebo_sensors/share/bme_gazebo_sensors/urdf/materials.xacro
[1.117s] -- Installing: /home/javierac/camera_gz/install/bme_gazebo_sensors/share/bme_gazebo_sensors/urdf/different_cameras.gazebo.bak
[1.117s] -- Installing: /home/javierac/camera_gz/install/bme_gazebo_sensors/share/bme_gazebo_sensors/urdf/mogi_bot.gazebo
[1.117s] -- Installing: /home/javierac/camera_gz/install/bme_gazebo_sensors/share/bme_gazebo_sensors/meshes
[1.117s] -- Installing: /home/javierac/camera_gz/install/bme_gazebo_sensors/share/bme_gazebo_sensors/meshes/lidar.dae
[1.117s] -- Installing: /home/javierac/camera_gz/install/bme_gazebo_sensors/share/bme_gazebo_sensors/meshes/mogi_bot.dae
[1.118s] -- Installing: /home/javierac/camera_gz/install/bme_gazebo_sensors/share/bme_gazebo_sensors/meshes/wheel.dae
[1.118s] -- Installing: /home/javierac/camera_gz/install/bme_gazebo_sensors/share/bme_gazebo_sensors/config
[1.118s] -- Installing: /home/javierac/camera_gz/install/bme_gazebo_sensors/share/bme_gazebo_sensors/config/ekf.yaml
[1.118s] -- Installing: /home/javierac/camera_gz/install/bme_gazebo_sensors/share/ament_index/resource_index/package_run_dependencies/bme_gazebo_sensors
[1.118s] -- Installing: /home/javierac/camera_gz/install/bme_gazebo_sensors/share/ament_index/resource_index/parent_prefix_path/bme_gazebo_sensors
[1.118s] -- Installing: /home/javierac/camera_gz/install/bme_gazebo_sensors/share/bme_gazebo_sensors/environment/ament_prefix_path.sh
[1.118s] -- Installing: /home/javierac/camera_gz/install/bme_gazebo_sensors/share/bme_gazebo_sensors/environment/ament_prefix_path.dsv
[1.118s] -- Installing: /home/javierac/camera_gz/install/bme_gazebo_sensors/share/bme_gazebo_sensors/environment/path.sh
[1.118s] -- Installing: /home/javierac/camera_gz/install/bme_gazebo_sensors/share/bme_gazebo_sensors/environment/path.dsv
[1.118s] -- Installing: /home/javierac/camera_gz/install/bme_gazebo_sensors/share/bme_gazebo_sensors/local_setup.bash
[1.119s] -- Installing: /home/javierac/camera_gz/install/bme_gazebo_sensors/share/bme_gazebo_sensors/local_setup.sh
[1.119s] -- Installing: /home/javierac/camera_gz/install/bme_gazebo_sensors/share/bme_gazebo_sensors/local_setup.zsh
[1.119s] -- Installing: /home/javierac/camera_gz/install/bme_gazebo_sensors/share/bme_gazebo_sensors/local_setup.dsv
[1.119s] -- Installing: /home/javierac/camera_gz/install/bme_gazebo_sensors/share/bme_gazebo_sensors/package.dsv
[1.119s] -- Installing: /home/javierac/camera_gz/install/bme_gazebo_sensors/share/ament_index/resource_index/packages/bme_gazebo_sensors
[1.119s] -- Installing: /home/javierac/camera_gz/install/bme_gazebo_sensors/share/bme_gazebo_sensors/cmake/bme_gazebo_sensorsConfig.cmake
[1.119s] -- Installing: /home/javierac/camera_gz/install/bme_gazebo_sensors/share/bme_gazebo_sensors/cmake/bme_gazebo_sensorsConfig-version.cmake
[1.119s] -- Installing: /home/javierac/camera_gz/install/bme_gazebo_sensors/share/bme_gazebo_sensors/package.xml
[1.121s] Invoked command in '/home/javierac/camera_gz/build/bme_gazebo_sensors' returned '0': CMAKE_PREFIX_PATH=${CMAKE_PREFIX_PATH}:/home/javierac/camera_gz/install/mogi_trajectory_server:/home/javierac/camera_gz/install/bme_gazebo_sensors_py:/home/xarm_ws/install/uf_ros_lib:/opt/ros/jazzy /usr/bin/cmake --install /home/javierac/camera_gz/build/bme_gazebo_sensors
