[0.015s] Invoking command in '/home/javierac/camera_gz/build/topic_tools': AMENT_PREFIX_PATH=/home/javierac/camera_gz/install/topic_tools_interfaces:${AMENT_PREFIX_PATH} CMAKE_PREFIX_PATH=/home/javierac/camera_gz/install/topic_tools_interfaces:/home/javierac/camera_gz/install/bme_gazebo_sensors:/home/xarm_ws/install/xarm_planner:/home/xarm_ws/install/xarm_moveit_servo:/home/xarm_ws/install/xarm_moveit_config:/home/xarm_ws/install/xarm_gazebo:/home/xarm_ws/install/xarm_controller:/home/xarm_ws/install/xarm_api:/home/xarm_ws/install/xarm_sdk:/home/xarm_ws/install/xarm_msgs:/home/xarm_ws/install/xarm_description:/home/xarm_ws/install/mbot_demo:/home/xarm_ws/install/realsense_gazebo_plugin:/opt/ros/jazzy/opt/gz_sim_vendor:/opt/ros/jazzy/opt/gz_sensors_vendor:/opt/ros/jazzy/opt/gz_physics_vendor:/opt/ros/jazzy/opt/sdformat_vendor:/opt/ros/jazzy/opt/gz_gui_vendor:/opt/ros/jazzy/opt/gz_transport_vendor:/opt/ros/jazzy/opt/gz_rendering_vendor:/opt/ros/jazzy/opt/gz_plugin_vendor:/opt/ros/jazzy/opt/gz_fuel_tools_vendor:/opt/ros/jazzy/opt/gz_msgs_vendor:/opt/ros/jazzy/opt/gz_common_vendor:/opt/ros/jazzy/opt/gz_math_vendor:/opt/ros/jazzy/opt/gz_utils_vendor:/opt/ros/jazzy/opt/gz_tools_vendor:/opt/ros/jazzy/opt/gz_ogre_next_vendor:/opt/ros/jazzy/opt/gz_dartsim_vendor:/opt/ros/jazzy/opt/gz_cmake_vendor:/home/javierac/camera_gz/install/mogi_trajectory_server:/home/javierac/camera_gz/install/bme_gazebo_sensors_py:/home/xarm_ws/install/uf_ros_lib:/opt/ros/jazzy LD_LIBRARY_PATH=/home/javierac/camera_gz/install/topic_tools_interfaces/lib:${LD_LIBRARY_PATH} PYTHONPATH=/home/javierac/camera_gz/install/topic_tools_interfaces/lib/python3.12/site-packages:${PYTHONPATH} /usr/bin/cmake /home/javierac/camera_gz/src/topic_tools/topic_tools -DCMAKE_INSTALL_PREFIX=/home/javierac/camera_gz/install/topic_tools
[0.085s] -- The C compiler identification is GNU 13.3.0
[0.147s] -- The CXX compiler identification is GNU 13.3.0
[0.168s] -- Detecting C compiler ABI info
[0.283s] -- Detecting C compiler ABI info - done
[0.292s] -- Check for working C compiler: /usr/bin/cc - skipped
[0.292s] -- Detecting C compile features
[0.293s] -- Detecting C compile features - done
[0.304s] -- Detecting CXX compiler ABI info
[0.419s] -- Detecting CXX compiler ABI info - done
[0.431s] -- Check for working CXX compiler: /usr/bin/c++ - skipped
[0.431s] -- Detecting CXX compile features
[0.431s] -- Detecting CXX compile features - done
[0.438s] -- Found ament_cmake: 2.5.4 (/opt/ros/jazzy/share/ament_cmake/cmake)
[0.629s] -- Found Python3: /usr/bin/python3 (found version "3.12.3") found components: Interpreter 
[0.791s] -- Found rclcpp: 28.1.10 (/opt/ros/jazzy/share/rclcpp/cmake)
[0.864s] -- Found rosidl_generator_c: 4.6.5 (/opt/ros/jazzy/share/rosidl_generator_c/cmake)
[0.888s] -- Found rosidl_generator_cpp: 4.6.5 (/opt/ros/jazzy/share/rosidl_generator_cpp/cmake)
[0.915s] -- Using all available rosidl_typesupport_c: rosidl_typesupport_fastrtps_c;rosidl_typesupport_introspection_c
[0.945s] -- Using all available rosidl_typesupport_cpp: rosidl_typesupport_fastrtps_cpp;rosidl_typesupport_introspection_cpp
[1.062s] -- Found rmw_implementation_cmake: 7.3.2 (/opt/ros/jazzy/share/rmw_implementation_cmake/cmake)
[1.069s] -- Found rmw_fastrtps_cpp: 8.4.2 (/opt/ros/jazzy/share/rmw_fastrtps_cpp/cmake)
[1.201s] -- Found OpenSSL: /usr/lib/x86_64-linux-gnu/libcrypto.so (found version "3.0.13")  
[1.226s] -- Found FastRTPS: /opt/ros/jazzy/include (Required is at least version "2.13") 
[1.253s] -- Using RMW implementation 'rmw_fastrtps_cpp' as default
[1.356s] -- Found rclcpp_components: 28.1.10 (/opt/ros/jazzy/share/rclcpp_components/cmake)
[1.406s] -- Found topic_tools_interfaces: 1.4.3 (/home/javierac/camera_gz/install/topic_tools_interfaces/share/topic_tools_interfaces/cmake)
[1.440s] -- Found std_msgs: 5.3.6 (/opt/ros/jazzy/share/std_msgs/cmake)
[1.468s] -- Found ament_lint_auto: 0.17.2 (/opt/ros/jazzy/share/ament_lint_auto/cmake)
[1.646s] -- Found gtest sources under '/opt/ros/jazzy/src/gtest_vendor': C++ tests using 'Google Test' will be built
[1.652s] -- Performing Test CMAKE_HAVE_LIBC_PTHREAD
[1.761s] -- Performing Test CMAKE_HAVE_LIBC_PTHREAD - Success
[1.762s] -- Found Threads: TRUE  
[1.798s] -- Added test 'copyright' to check source files copyright and LICENSE
[1.801s] -- Added test 'cppcheck' to perform static code analysis on C / C++ code
[1.802s] -- Configured cppcheck include dirs: /home/javierac/camera_gz/src/topic_tools/topic_tools/include;$<BUILD_INTERFACE:/home/javierac/camera_gz/src/topic_tools/topic_tools/include>
[1.802s] -- Configured cppcheck exclude dirs and/or files: 
[1.805s] -- Added test 'cpplint' to check C / C++ code against the Google style
[1.805s] -- Configured cpplint exclude dirs and/or files: 
[1.806s] -- Added test 'flake8' to check Python code syntax and style conventions
[1.806s] -- Configured 'flake8' exclude dirs and/or files: 
[1.807s] -- Added test 'lint_cmake' to check CMake code style
[1.808s] -- Added test 'pep257' to check Python code against some of the docstring style conventions in PEP 257
[1.811s] -- Added test 'uncrustify' to check C / C++ code style
[1.811s] -- Configured uncrustify additional arguments: 
[1.812s] -- Added test 'xmllint' to check XML markup files
[1.814s] -- Configuring done (1.8s)
[1.879s] -- Generating done (0.1s)
[1.904s] -- Build files have been written to: /home/javierac/camera_gz/build/topic_tools
[1.916s] Invoked command in '/home/javierac/camera_gz/build/topic_tools' returned '0': AMENT_PREFIX_PATH=/home/javierac/camera_gz/install/topic_tools_interfaces:${AMENT_PREFIX_PATH} CMAKE_PREFIX_PATH=/home/javierac/camera_gz/install/topic_tools_interfaces:/home/javierac/camera_gz/install/bme_gazebo_sensors:/home/xarm_ws/install/xarm_planner:/home/xarm_ws/install/xarm_moveit_servo:/home/xarm_ws/install/xarm_moveit_config:/home/xarm_ws/install/xarm_gazebo:/home/xarm_ws/install/xarm_controller:/home/xarm_ws/install/xarm_api:/home/xarm_ws/install/xarm_sdk:/home/xarm_ws/install/xarm_msgs:/home/xarm_ws/install/xarm_description:/home/xarm_ws/install/mbot_demo:/home/xarm_ws/install/realsense_gazebo_plugin:/opt/ros/jazzy/opt/gz_sim_vendor:/opt/ros/jazzy/opt/gz_sensors_vendor:/opt/ros/jazzy/opt/gz_physics_vendor:/opt/ros/jazzy/opt/sdformat_vendor:/opt/ros/jazzy/opt/gz_gui_vendor:/opt/ros/jazzy/opt/gz_transport_vendor:/opt/ros/jazzy/opt/gz_rendering_vendor:/opt/ros/jazzy/opt/gz_plugin_vendor:/opt/ros/jazzy/opt/gz_fuel_tools_vendor:/opt/ros/jazzy/opt/gz_msgs_vendor:/opt/ros/jazzy/opt/gz_common_vendor:/opt/ros/jazzy/opt/gz_math_vendor:/opt/ros/jazzy/opt/gz_utils_vendor:/opt/ros/jazzy/opt/gz_tools_vendor:/opt/ros/jazzy/opt/gz_ogre_next_vendor:/opt/ros/jazzy/opt/gz_dartsim_vendor:/opt/ros/jazzy/opt/gz_cmake_vendor:/home/javierac/camera_gz/install/mogi_trajectory_server:/home/javierac/camera_gz/install/bme_gazebo_sensors_py:/home/xarm_ws/install/uf_ros_lib:/opt/ros/jazzy LD_LIBRARY_PATH=/home/javierac/camera_gz/install/topic_tools_interfaces/lib:${LD_LIBRARY_PATH} PYTHONPATH=/home/javierac/camera_gz/install/topic_tools_interfaces/lib/python3.12/site-packages:${PYTHONPATH} /usr/bin/cmake /home/javierac/camera_gz/src/topic_tools/topic_tools -DCMAKE_INSTALL_PREFIX=/home/javierac/camera_gz/install/topic_tools
[1.916s] Invoking command in '/home/javierac/camera_gz/build/topic_tools': AMENT_PREFIX_PATH=/home/javierac/camera_gz/install/topic_tools_interfaces:${AMENT_PREFIX_PATH} CMAKE_PREFIX_PATH=/home/javierac/camera_gz/install/topic_tools_interfaces:/home/javierac/camera_gz/install/bme_gazebo_sensors:/home/xarm_ws/install/xarm_planner:/home/xarm_ws/install/xarm_moveit_servo:/home/xarm_ws/install/xarm_moveit_config:/home/xarm_ws/install/xarm_gazebo:/home/xarm_ws/install/xarm_controller:/home/xarm_ws/install/xarm_api:/home/xarm_ws/install/xarm_sdk:/home/xarm_ws/install/xarm_msgs:/home/xarm_ws/install/xarm_description:/home/xarm_ws/install/mbot_demo:/home/xarm_ws/install/realsense_gazebo_plugin:/opt/ros/jazzy/opt/gz_sim_vendor:/opt/ros/jazzy/opt/gz_sensors_vendor:/opt/ros/jazzy/opt/gz_physics_vendor:/opt/ros/jazzy/opt/sdformat_vendor:/opt/ros/jazzy/opt/gz_gui_vendor:/opt/ros/jazzy/opt/gz_transport_vendor:/opt/ros/jazzy/opt/gz_rendering_vendor:/opt/ros/jazzy/opt/gz_plugin_vendor:/opt/ros/jazzy/opt/gz_fuel_tools_vendor:/opt/ros/jazzy/opt/gz_msgs_vendor:/opt/ros/jazzy/opt/gz_common_vendor:/opt/ros/jazzy/opt/gz_math_vendor:/opt/ros/jazzy/opt/gz_utils_vendor:/opt/ros/jazzy/opt/gz_tools_vendor:/opt/ros/jazzy/opt/gz_ogre_next_vendor:/opt/ros/jazzy/opt/gz_dartsim_vendor:/opt/ros/jazzy/opt/gz_cmake_vendor:/home/javierac/camera_gz/install/mogi_trajectory_server:/home/javierac/camera_gz/install/bme_gazebo_sensors_py:/home/xarm_ws/install/uf_ros_lib:/opt/ros/jazzy LD_LIBRARY_PATH=/home/javierac/camera_gz/install/topic_tools_interfaces/lib:${LD_LIBRARY_PATH} PYTHONPATH=/home/javierac/camera_gz/install/topic_tools_interfaces/lib/python3.12/site-packages:${PYTHONPATH} /usr/bin/cmake --build /home/javierac/camera_gz/build/topic_tools -- -j20 -l20
[1.980s] [  2%] [32mBuilding CXX object gtest/CMakeFiles/gtest_main.dir/src/gtest_main.cc.o[0m
[1.981s] [  4%] [32mBuilding CXX object CMakeFiles/throttle_node.dir/src/throttle_node.cpp.o[0m
[1.981s] [  6%] [32mBuilding CXX object CMakeFiles/mux_node.dir/src/mux_node.cpp.o[0m
[1.983s] [  9%] [32mBuilding CXX object CMakeFiles/throttle_node.dir/src/tool_base_node.cpp.o[0m
[1.983s] [ 11%] [32mBuilding CXX object CMakeFiles/mux_node.dir/src/tool_base_node.cpp.o[0m
[1.985s] [ 13%] [32mBuilding CXX object CMakeFiles/relay_node.dir/src/relay_node.cpp.o[0m
[1.986s] [ 15%] [32mBuilding CXX object CMakeFiles/relay_node.dir/src/tool_base_node.cpp.o[0m
[1.988s] [ 20%] [32mBuilding CXX object CMakeFiles/delay_node.dir/src/delay_node.cpp.o[0m
[1.988s] [ 20%] [32mBuilding CXX object CMakeFiles/delay_node.dir/src/tool_base_node.cpp.o[0m
[1.989s] [ 22%] [32mBuilding CXX object CMakeFiles/demux_node.dir/src/demux_node.cpp.o[0m
[1.990s] [ 25%] [32mBuilding CXX object CMakeFiles/demux_node.dir/src/tool_base_node.cpp.o[0m
[1.995s] [ 31%] [32mBuilding CXX object CMakeFiles/drop_node.dir/src/drop_node.cpp.o[0m
[1.995s] [ 31%] [32mBuilding CXX object CMakeFiles/drop_node.dir/src/tool_base_node.cpp.o[0m
[1.995s] [ 31%] [32mBuilding CXX object gtest/CMakeFiles/gtest.dir/src/gtest-all.cc.o[0m
[2.002s] [ 31%] Built target ament_cmake_python_copy_topic_tools
[2.003s] [ 31%] Built target ament_cmake_python_copy_topic_tools_setup
[2.242s] running install_scripts
[2.261s] running egg_info
[2.262s] creating topic_tools.egg-info
[2.278s] writing topic_tools.egg-info/PKG-INFO
[2.278s] writing dependency_links to topic_tools.egg-info/dependency_links.txt
[2.278s] writing entry points to topic_tools.egg-info/entry_points.txt
[2.278s] writing top-level names to topic_tools.egg-info/top_level.txt
[2.279s] writing manifest file 'topic_tools.egg-info/SOURCES.txt'
[2.280s] /usr/lib/python3/dist-packages/setuptools/_distutils/cmd.py:66: SetuptoolsDeprecationWarning: setup.py install is deprecated.
[2.280s] !!
[2.280s] 
[2.280s]         ********************************************************************************
[2.280s]         Please avoid running ``setup.py`` directly.
[2.281s]         Instead, use pypa/build, pypa/installer or other
[2.281s]         standards-based tools.
[2.281s] 
[2.281s]         See https://blog.ganssle.io/articles/2021/10/setup-py-deprecated.html for details.
[2.281s]         ********************************************************************************
[2.281s] 
[2.281s] !!
[2.281s]   self.initialize_options()
[2.291s] running egg_info
[2.326s] writing topic_tools.egg-info/PKG-INFO
[2.326s] writing dependency_links to topic_tools.egg-info/dependency_links.txt
[2.326s] writing entry points to topic_tools.egg-info/entry_points.txt
[2.326s] writing top-level names to topic_tools.egg-info/top_level.txt
[2.328s] reading manifest file 'topic_tools.egg-info/SOURCES.txt'
[2.328s] writing manifest file 'topic_tools.egg-info/SOURCES.txt'
[2.360s] reading manifest file 'topic_tools.egg-info/SOURCES.txt'
[2.361s] writing manifest file 'topic_tools.egg-info/SOURCES.txt'
[2.361s] [ 31%] Built target ament_cmake_python_build_topic_tools_egg
[2.461s] Installing relay_field script to scripts
[2.461s] Installing transform script to scripts
[2.502s] [ 31%] Built target ament_cmake_python_build_topic_tools_scripts
[2.955s] [ 34%] [32m[1mLinking CXX static library libgtest_main.a[0m
[3.019s] [ 34%] Built target gtest_main
[6.542s] [ 36%] [32m[1mLinking CXX static library libgtest.a[0m
[6.623s] [ 36%] Built target gtest
[7.645s] [ 38%] [32m[1mLinking CXX shared library libdrop_node.so[0m
[7.923s] [ 38%] Built target drop_node
[7.946s] [ 40%] [32mBuilding CXX object CMakeFiles/test_drop.dir/test/test_drop.cpp.o[0m
[7.956s] [ 43%] [32mBuilding CXX object CMakeFiles/drop.dir/src/drop.cpp.o[0m
[8.032s] [ 45%] [32m[1mLinking CXX shared library libthrottle_node.so[0m
[8.054s] [ 47%] [32m[1mLinking CXX shared library libdelay_node.so[0m
[8.157s] [ 50%] [32m[1mLinking CXX shared library librelay_node.so[0m
[8.189s] [ 50%] Built target throttle_node
[8.225s] [ 52%] [32mBuilding CXX object CMakeFiles/test_throttle.dir/test/test_throttle.cpp.o[0m
[8.231s] [ 54%] [32mBuilding CXX object CMakeFiles/throttle.dir/src/throttle.cpp.o[0m
[8.273s] [ 54%] Built target delay_node
[8.313s] [ 56%] [32mBuilding CXX object CMakeFiles/delay.dir/src/delay.cpp.o[0m
[8.330s] [ 56%] Built target relay_node
[8.363s] [ 59%] [32mBuilding CXX object CMakeFiles/relay.dir/src/relay.cpp.o[0m
[8.366s] [ 61%] [32mBuilding CXX object CMakeFiles/test_relay.dir/test/test_relay.cpp.o[0m
[8.547s] [ 63%] [32m[1mLinking CXX shared library libmux_node.so[0m
[8.805s] [ 63%] Built target mux_node
[8.830s] [ 65%] [32mBuilding CXX object CMakeFiles/mux.dir/src/mux.cpp.o[0m
[8.835s] [ 68%] [32mBuilding CXX object CMakeFiles/test_mux.dir/test/test_mux.cpp.o[0m
[11.367s] [ 70%] [32m[1mLinking CXX executable relay[0m
[11.616s] [ 70%] Built target relay
[11.669s] [ 72%] [32m[1mLinking CXX executable drop[0m
[11.827s] [ 72%] Built target drop
[11.838s] [ 75%] [32m[1mLinking CXX executable mux[0m
[12.101s] [ 75%] Built target mux
[12.904s] [ 77%] [32m[1mLinking CXX executable delay[0m
[13.150s] [ 79%] [32m[1mLinking CXX shared library libdemux_node.so[0m
[13.151s] [ 79%] Built target delay
[13.324s] [ 81%] [32m[1mLinking CXX executable throttle[0m
[13.441s] [ 81%] Built target demux_node
[13.478s] [ 84%] [32mBuilding CXX object CMakeFiles/test_demux.dir/test/test_demux.cpp.o[0m
[13.484s] [ 86%] [32mBuilding CXX object CMakeFiles/demux.dir/src/demux.cpp.o[0m
[13.543s] [ 86%] Built target throttle
[16.003s] [ 88%] [32m[1mLinking CXX executable test_drop[0m
[16.172s] [ 90%] [32m[1mLinking CXX executable test_relay[0m
[16.436s] [ 90%] Built target test_drop
[16.624s] [ 90%] Built target test_relay
[16.891s] [ 93%] [32m[1mLinking CXX executable demux[0m
[17.085s] [ 93%] Built target demux
[17.415s] [ 95%] [32m[1mLinking CXX executable test_mux[0m
[17.567s] [ 97%] [32m[1mLinking CXX executable test_throttle[0m
[17.856s] [ 97%] Built target test_mux
[17.921s] [ 97%] Built target test_throttle
[21.770s] [100%] [32m[1mLinking CXX executable test_demux[0m
[22.183s] [100%] Built target test_demux
[22.197s] Invoked command in '/home/javierac/camera_gz/build/topic_tools' returned '0': AMENT_PREFIX_PATH=/home/javierac/camera_gz/install/topic_tools_interfaces:${AMENT_PREFIX_PATH} CMAKE_PREFIX_PATH=/home/javierac/camera_gz/install/topic_tools_interfaces:/home/javierac/camera_gz/install/bme_gazebo_sensors:/home/xarm_ws/install/xarm_planner:/home/xarm_ws/install/xarm_moveit_servo:/home/xarm_ws/install/xarm_moveit_config:/home/xarm_ws/install/xarm_gazebo:/home/xarm_ws/install/xarm_controller:/home/xarm_ws/install/xarm_api:/home/xarm_ws/install/xarm_sdk:/home/xarm_ws/install/xarm_msgs:/home/xarm_ws/install/xarm_description:/home/xarm_ws/install/mbot_demo:/home/xarm_ws/install/realsense_gazebo_plugin:/opt/ros/jazzy/opt/gz_sim_vendor:/opt/ros/jazzy/opt/gz_sensors_vendor:/opt/ros/jazzy/opt/gz_physics_vendor:/opt/ros/jazzy/opt/sdformat_vendor:/opt/ros/jazzy/opt/gz_gui_vendor:/opt/ros/jazzy/opt/gz_transport_vendor:/opt/ros/jazzy/opt/gz_rendering_vendor:/opt/ros/jazzy/opt/gz_plugin_vendor:/opt/ros/jazzy/opt/gz_fuel_tools_vendor:/opt/ros/jazzy/opt/gz_msgs_vendor:/opt/ros/jazzy/opt/gz_common_vendor:/opt/ros/jazzy/opt/gz_math_vendor:/opt/ros/jazzy/opt/gz_utils_vendor:/opt/ros/jazzy/opt/gz_tools_vendor:/opt/ros/jazzy/opt/gz_ogre_next_vendor:/opt/ros/jazzy/opt/gz_dartsim_vendor:/opt/ros/jazzy/opt/gz_cmake_vendor:/home/javierac/camera_gz/install/mogi_trajectory_server:/home/javierac/camera_gz/install/bme_gazebo_sensors_py:/home/xarm_ws/install/uf_ros_lib:/opt/ros/jazzy LD_LIBRARY_PATH=/home/javierac/camera_gz/install/topic_tools_interfaces/lib:${LD_LIBRARY_PATH} PYTHONPATH=/home/javierac/camera_gz/install/topic_tools_interfaces/lib/python3.12/site-packages:${PYTHONPATH} /usr/bin/cmake --build /home/javierac/camera_gz/build/topic_tools -- -j20 -l20
[22.199s] Invoking command in '/home/javierac/camera_gz/build/topic_tools': AMENT_PREFIX_PATH=/home/javierac/camera_gz/install/topic_tools_interfaces:${AMENT_PREFIX_PATH} CMAKE_PREFIX_PATH=/home/javierac/camera_gz/install/topic_tools_interfaces:/home/javierac/camera_gz/install/bme_gazebo_sensors:/home/xarm_ws/install/xarm_planner:/home/xarm_ws/install/xarm_moveit_servo:/home/xarm_ws/install/xarm_moveit_config:/home/xarm_ws/install/xarm_gazebo:/home/xarm_ws/install/xarm_controller:/home/xarm_ws/install/xarm_api:/home/xarm_ws/install/xarm_sdk:/home/xarm_ws/install/xarm_msgs:/home/xarm_ws/install/xarm_description:/home/xarm_ws/install/mbot_demo:/home/xarm_ws/install/realsense_gazebo_plugin:/opt/ros/jazzy/opt/gz_sim_vendor:/opt/ros/jazzy/opt/gz_sensors_vendor:/opt/ros/jazzy/opt/gz_physics_vendor:/opt/ros/jazzy/opt/sdformat_vendor:/opt/ros/jazzy/opt/gz_gui_vendor:/opt/ros/jazzy/opt/gz_transport_vendor:/opt/ros/jazzy/opt/gz_rendering_vendor:/opt/ros/jazzy/opt/gz_plugin_vendor:/opt/ros/jazzy/opt/gz_fuel_tools_vendor:/opt/ros/jazzy/opt/gz_msgs_vendor:/opt/ros/jazzy/opt/gz_common_vendor:/opt/ros/jazzy/opt/gz_math_vendor:/opt/ros/jazzy/opt/gz_utils_vendor:/opt/ros/jazzy/opt/gz_tools_vendor:/opt/ros/jazzy/opt/gz_ogre_next_vendor:/opt/ros/jazzy/opt/gz_dartsim_vendor:/opt/ros/jazzy/opt/gz_cmake_vendor:/home/javierac/camera_gz/install/mogi_trajectory_server:/home/javierac/camera_gz/install/bme_gazebo_sensors_py:/home/xarm_ws/install/uf_ros_lib:/opt/ros/jazzy LD_LIBRARY_PATH=/home/javierac/camera_gz/install/topic_tools_interfaces/lib:${LD_LIBRARY_PATH} PYTHONPATH=/home/javierac/camera_gz/install/topic_tools_interfaces/lib/python3.12/site-packages:${PYTHONPATH} /usr/bin/cmake --install /home/javierac/camera_gz/build/topic_tools
[22.207s] -- Install configuration: ""
[22.207s] -- Installing: /home/javierac/camera_gz/install/topic_tools/lib/librelay_node.so
[22.209s] -- Set non-toolchain portion of runtime path of "/home/javierac/camera_gz/install/topic_tools/lib/librelay_node.so" to ""
[22.209s] -- Installing: /home/javierac/camera_gz/install/topic_tools/lib/libthrottle_node.so
[22.210s] -- Set non-toolchain portion of runtime path of "/home/javierac/camera_gz/install/topic_tools/lib/libthrottle_node.so" to ""
[22.210s] -- Installing: /home/javierac/camera_gz/install/topic_tools/lib/libdrop_node.so
[22.211s] -- Set non-toolchain portion of runtime path of "/home/javierac/camera_gz/install/topic_tools/lib/libdrop_node.so" to ""
[22.211s] -- Installing: /home/javierac/camera_gz/install/topic_tools/lib/libmux_node.so
[22.214s] -- Set non-toolchain portion of runtime path of "/home/javierac/camera_gz/install/topic_tools/lib/libmux_node.so" to ""
[22.214s] -- Installing: /home/javierac/camera_gz/install/topic_tools/lib/libdemux_node.so
[22.216s] -- Set non-toolchain portion of runtime path of "/home/javierac/camera_gz/install/topic_tools/lib/libdemux_node.so" to ""
[22.216s] -- Installing: /home/javierac/camera_gz/install/topic_tools/lib/libdelay_node.so
[22.217s] -- Set non-toolchain portion of runtime path of "/home/javierac/camera_gz/install/topic_tools/lib/libdelay_node.so" to ""
[22.217s] -- Installing: /home/javierac/camera_gz/install/topic_tools/share/topic_tools/launch
[22.218s] -- Installing: /home/javierac/camera_gz/install/topic_tools/share/topic_tools/launch/relay.launch
[22.218s] -- Installing: /home/javierac/camera_gz/install/topic_tools/lib/topic_tools/relay
[22.218s] -- Set non-toolchain portion of runtime path of "/home/javierac/camera_gz/install/topic_tools/lib/topic_tools/relay" to ""
[22.218s] -- Installing: /home/javierac/camera_gz/install/topic_tools/lib/topic_tools/throttle
[22.218s] -- Set non-toolchain portion of runtime path of "/home/javierac/camera_gz/install/topic_tools/lib/topic_tools/throttle" to ""
[22.218s] -- Installing: /home/javierac/camera_gz/install/topic_tools/lib/topic_tools/drop
[22.219s] -- Set non-toolchain portion of runtime path of "/home/javierac/camera_gz/install/topic_tools/lib/topic_tools/drop" to ""
[22.219s] -- Installing: /home/javierac/camera_gz/install/topic_tools/lib/topic_tools/mux
[22.219s] -- Set non-toolchain portion of runtime path of "/home/javierac/camera_gz/install/topic_tools/lib/topic_tools/mux" to ""
[22.219s] -- Installing: /home/javierac/camera_gz/install/topic_tools/lib/topic_tools/demux
[22.219s] -- Set non-toolchain portion of runtime path of "/home/javierac/camera_gz/install/topic_tools/lib/topic_tools/demux" to ""
[22.219s] -- Installing: /home/javierac/camera_gz/install/topic_tools/lib/topic_tools/delay
[22.219s] -- Set non-toolchain portion of runtime path of "/home/javierac/camera_gz/install/topic_tools/lib/topic_tools/delay" to ""
[22.220s] -- Installing: /home/javierac/camera_gz/install/topic_tools/share/topic_tools/environment/pythonpath.sh
[22.220s] -- Installing: /home/javierac/camera_gz/install/topic_tools/share/topic_tools/environment/pythonpath.dsv
[22.220s] -- Installing: /home/javierac/camera_gz/install/topic_tools/lib/python3.12/site-packages/topic_tools-1.4.3-py3.12.egg-info
[22.220s] -- Installing: /home/javierac/camera_gz/install/topic_tools/lib/python3.12/site-packages/topic_tools-1.4.3-py3.12.egg-info/dependency_links.txt
[22.220s] -- Installing: /home/javierac/camera_gz/install/topic_tools/lib/python3.12/site-packages/topic_tools-1.4.3-py3.12.egg-info/PKG-INFO
[22.220s] -- Installing: /home/javierac/camera_gz/install/topic_tools/lib/python3.12/site-packages/topic_tools-1.4.3-py3.12.egg-info/entry_points.txt
[22.220s] -- Installing: /home/javierac/camera_gz/install/topic_tools/lib/python3.12/site-packages/topic_tools-1.4.3-py3.12.egg-info/SOURCES.txt
[22.220s] -- Installing: /home/javierac/camera_gz/install/topic_tools/lib/python3.12/site-packages/topic_tools-1.4.3-py3.12.egg-info/top_level.txt
[22.221s] -- Up-to-date: /home/javierac/camera_gz/install/topic_tools/lib/topic_tools/
[22.221s] -- Installing: /home/javierac/camera_gz/install/topic_tools/lib/topic_tools//transform
[22.221s] -- Installing: /home/javierac/camera_gz/install/topic_tools/lib/topic_tools//relay_field
[22.221s] -- Installing: /home/javierac/camera_gz/install/topic_tools/lib/python3.12/site-packages/topic_tools
[22.221s] -- Installing: /home/javierac/camera_gz/install/topic_tools/lib/python3.12/site-packages/topic_tools/__init__.py
[22.221s] -- Installing: /home/javierac/camera_gz/install/topic_tools/lib/python3.12/site-packages/topic_tools/setup.cfg
[22.221s] -- Installing: /home/javierac/camera_gz/install/topic_tools/lib/python3.12/site-packages/topic_tools/relay_field.py
[22.221s] -- Installing: /home/javierac/camera_gz/install/topic_tools/lib/python3.12/site-packages/topic_tools/transform.py
[22.264s] Listing '/home/javierac/camera_gz/install/topic_tools/lib/python3.12/site-packages/topic_tools'...
[22.264s] Compiling '/home/javierac/camera_gz/install/topic_tools/lib/python3.12/site-packages/topic_tools/__init__.py'...
[22.264s] Compiling '/home/javierac/camera_gz/install/topic_tools/lib/python3.12/site-packages/topic_tools/relay_field.py'...
[22.264s] Compiling '/home/javierac/camera_gz/install/topic_tools/lib/python3.12/site-packages/topic_tools/transform.py'...
[22.270s] -- Installing: /home/javierac/camera_gz/install/topic_tools/share/ament_index/resource_index/package_run_dependencies/topic_tools
[22.270s] -- Installing: /home/javierac/camera_gz/install/topic_tools/share/ament_index/resource_index/parent_prefix_path/topic_tools
[22.270s] -- Installing: /home/javierac/camera_gz/install/topic_tools/share/topic_tools/environment/ament_prefix_path.sh
[22.270s] -- Installing: /home/javierac/camera_gz/install/topic_tools/share/topic_tools/environment/ament_prefix_path.dsv
[22.271s] -- Installing: /home/javierac/camera_gz/install/topic_tools/share/topic_tools/environment/path.sh
[22.271s] -- Installing: /home/javierac/camera_gz/install/topic_tools/share/topic_tools/environment/path.dsv
[22.271s] -- Installing: /home/javierac/camera_gz/install/topic_tools/share/topic_tools/local_setup.bash
[22.271s] -- Installing: /home/javierac/camera_gz/install/topic_tools/share/topic_tools/local_setup.sh
[22.271s] -- Installing: /home/javierac/camera_gz/install/topic_tools/share/topic_tools/local_setup.zsh
[22.271s] -- Installing: /home/javierac/camera_gz/install/topic_tools/share/topic_tools/local_setup.dsv
[22.271s] -- Installing: /home/javierac/camera_gz/install/topic_tools/share/topic_tools/package.dsv
[22.271s] -- Installing: /home/javierac/camera_gz/install/topic_tools/share/ament_index/resource_index/packages/topic_tools
[22.271s] -- Installing: /home/javierac/camera_gz/install/topic_tools/share/ament_index/resource_index/rclcpp_components/topic_tools
[22.271s] -- Installing: /home/javierac/camera_gz/install/topic_tools/share/topic_tools/cmake/topic_toolsConfig.cmake
[22.271s] -- Installing: /home/javierac/camera_gz/install/topic_tools/share/topic_tools/cmake/topic_toolsConfig-version.cmake
[22.272s] -- Installing: /home/javierac/camera_gz/install/topic_tools/share/topic_tools/package.xml
[22.274s] Invoked command in '/home/javierac/camera_gz/build/topic_tools' returned '0': AMENT_PREFIX_PATH=/home/javierac/camera_gz/install/topic_tools_interfaces:${AMENT_PREFIX_PATH} CMAKE_PREFIX_PATH=/home/javierac/camera_gz/install/topic_tools_interfaces:/home/javierac/camera_gz/install/bme_gazebo_sensors:/home/xarm_ws/install/xarm_planner:/home/xarm_ws/install/xarm_moveit_servo:/home/xarm_ws/install/xarm_moveit_config:/home/xarm_ws/install/xarm_gazebo:/home/xarm_ws/install/xarm_controller:/home/xarm_ws/install/xarm_api:/home/xarm_ws/install/xarm_sdk:/home/xarm_ws/install/xarm_msgs:/home/xarm_ws/install/xarm_description:/home/xarm_ws/install/mbot_demo:/home/xarm_ws/install/realsense_gazebo_plugin:/opt/ros/jazzy/opt/gz_sim_vendor:/opt/ros/jazzy/opt/gz_sensors_vendor:/opt/ros/jazzy/opt/gz_physics_vendor:/opt/ros/jazzy/opt/sdformat_vendor:/opt/ros/jazzy/opt/gz_gui_vendor:/opt/ros/jazzy/opt/gz_transport_vendor:/opt/ros/jazzy/opt/gz_rendering_vendor:/opt/ros/jazzy/opt/gz_plugin_vendor:/opt/ros/jazzy/opt/gz_fuel_tools_vendor:/opt/ros/jazzy/opt/gz_msgs_vendor:/opt/ros/jazzy/opt/gz_common_vendor:/opt/ros/jazzy/opt/gz_math_vendor:/opt/ros/jazzy/opt/gz_utils_vendor:/opt/ros/jazzy/opt/gz_tools_vendor:/opt/ros/jazzy/opt/gz_ogre_next_vendor:/opt/ros/jazzy/opt/gz_dartsim_vendor:/opt/ros/jazzy/opt/gz_cmake_vendor:/home/javierac/camera_gz/install/mogi_trajectory_server:/home/javierac/camera_gz/install/bme_gazebo_sensors_py:/home/xarm_ws/install/uf_ros_lib:/opt/ros/jazzy LD_LIBRARY_PATH=/home/javierac/camera_gz/install/topic_tools_interfaces/lib:${LD_LIBRARY_PATH} PYTHONPATH=/home/javierac/camera_gz/install/topic_tools_interfaces/lib/python3.12/site-packages:${PYTHONPATH} /usr/bin/cmake --install /home/javierac/camera_gz/build/topic_tools
